{
  "/root/workspace/novastar-coex/src/api/cabinet.ts": {
    "path": "/root/workspace/novastar-coex/src/api/cabinet.ts",
    "statementMap": {
      "0": { "start": { "line": 24, "column": 22 }, "end": { "line": 24, "column": null } },
      "1": { "start": { "line": 27, "column": 26 }, "end": { "line": 46, "column": null } },
      "2": { "start": { "line": 32, "column": 4 }, "end": { "line": 33, "column": null } },
      "3": { "start": { "line": 33, "column": 6 }, "end": { "line": 33, "column": null } },
      "4": { "start": { "line": 35, "column": 4 }, "end": { "line": 36, "column": null } },
      "5": { "start": { "line": 36, "column": 6 }, "end": { "line": 36, "column": null } },
      "6": { "start": { "line": 38, "column": 4 }, "end": { "line": 39, "column": null } },
      "7": { "start": { "line": 39, "column": 6 }, "end": { "line": 39, "column": null } },
      "8": { "start": { "line": 42, "column": 16 }, "end": { "line": 42, "column": null } },
      "9": { "start": { "line": 43, "column": 20 }, "end": { "line": 43, "column": null } },
      "10": { "start": { "line": 44, "column": 21 }, "end": { "line": 44, "column": 57 } },
      "11": { "start": { "line": 45, "column": 17 }, "end": { "line": 45, "column": 38 } },
      "12": { "start": { "line": 46, "column": 4 }, "end": { "line": 46, "column": null } },
      "13": { "start": { "line": 50, "column": 38 }, "end": { "line": 65, "column": null } },
      "14": { "start": { "line": 54, "column": 4 }, "end": { "line": 55, "column": null } },
      "15": { "start": { "line": 55, "column": 6 }, "end": { "line": 55, "column": null } },
      "16": { "start": { "line": 57, "column": 4 }, "end": { "line": 58, "column": null } },
      "17": { "start": { "line": 58, "column": 6 }, "end": { "line": 58, "column": null } },
      "18": { "start": { "line": 61, "column": 16 }, "end": { "line": 61, "column": null } },
      "19": { "start": { "line": 62, "column": 20 }, "end": { "line": 62, "column": null } },
      "20": { "start": { "line": 63, "column": 21 }, "end": { "line": 63, "column": 57 } },
      "21": { "start": { "line": 64, "column": 17 }, "end": { "line": 64, "column": 38 } },
      "22": { "start": { "line": 65, "column": 4 }, "end": { "line": 65, "column": null } },
      "23": { "start": { "line": 69, "column": 42 }, "end": { "line": 84, "column": null } },
      "24": { "start": { "line": 73, "column": 4 }, "end": { "line": 74, "column": null } },
      "25": { "start": { "line": 74, "column": 6 }, "end": { "line": 74, "column": null } },
      "26": { "start": { "line": 76, "column": 4 }, "end": { "line": 77, "column": null } },
      "27": { "start": { "line": 77, "column": 6 }, "end": { "line": 77, "column": null } },
      "28": { "start": { "line": 80, "column": 16 }, "end": { "line": 80, "column": null } },
      "29": { "start": { "line": 81, "column": 20 }, "end": { "line": 81, "column": null } },
      "30": { "start": { "line": 82, "column": 21 }, "end": { "line": 82, "column": 57 } },
      "31": { "start": { "line": 83, "column": 17 }, "end": { "line": 83, "column": 38 } },
      "32": { "start": { "line": 84, "column": 4 }, "end": { "line": 84, "column": null } },
      "33": { "start": { "line": 88, "column": 37 }, "end": { "line": 103, "column": null } },
      "34": { "start": { "line": 92, "column": 4 }, "end": { "line": 93, "column": null } },
      "35": { "start": { "line": 93, "column": 6 }, "end": { "line": 93, "column": null } },
      "36": { "start": { "line": 95, "column": 4 }, "end": { "line": 96, "column": null } },
      "37": { "start": { "line": 96, "column": 6 }, "end": { "line": 96, "column": null } },
      "38": { "start": { "line": 99, "column": 16 }, "end": { "line": 99, "column": null } },
      "39": { "start": { "line": 100, "column": 20 }, "end": { "line": 100, "column": null } },
      "40": { "start": { "line": 101, "column": 21 }, "end": { "line": 101, "column": 57 } },
      "41": { "start": { "line": 102, "column": 17 }, "end": { "line": 102, "column": 38 } },
      "42": { "start": { "line": 103, "column": 4 }, "end": { "line": 103, "column": null } },
      "43": { "start": { "line": 107, "column": 34 }, "end": { "line": 130, "column": null } },
      "44": { "start": { "line": 113, "column": 4 }, "end": { "line": 114, "column": null } },
      "45": { "start": { "line": 114, "column": 6 }, "end": { "line": 114, "column": null } },
      "46": { "start": { "line": 116, "column": 4 }, "end": { "line": 117, "column": null } },
      "47": { "start": { "line": 117, "column": 6 }, "end": { "line": 117, "column": null } },
      "48": { "start": { "line": 119, "column": 4 }, "end": { "line": 120, "column": null } },
      "49": { "start": { "line": 120, "column": 6 }, "end": { "line": 120, "column": null } },
      "50": { "start": { "line": 122, "column": 4 }, "end": { "line": 123, "column": null } },
      "51": { "start": { "line": 123, "column": 6 }, "end": { "line": 123, "column": null } },
      "52": { "start": { "line": 126, "column": 16 }, "end": { "line": 126, "column": null } },
      "53": { "start": { "line": 127, "column": 20 }, "end": { "line": 127, "column": null } },
      "54": { "start": { "line": 128, "column": 21 }, "end": { "line": 128, "column": 57 } },
      "55": { "start": { "line": 129, "column": 17 }, "end": { "line": 129, "column": 38 } },
      "56": { "start": { "line": 130, "column": 4 }, "end": { "line": 130, "column": null } },
      "57": { "start": { "line": 134, "column": 31 }, "end": { "line": 156, "column": null } },
      "58": { "start": { "line": 139, "column": 4 }, "end": { "line": 140, "column": null } },
      "59": { "start": { "line": 140, "column": 6 }, "end": { "line": 140, "column": null } },
      "60": { "start": { "line": 142, "column": 4 }, "end": { "line": 143, "column": null } },
      "61": { "start": { "line": 143, "column": 6 }, "end": { "line": 143, "column": null } },
      "62": { "start": { "line": 145, "column": 4 }, "end": { "line": 146, "column": null } },
      "63": { "start": { "line": 146, "column": 6 }, "end": { "line": 146, "column": null } },
      "64": { "start": { "line": 149, "column": 16 }, "end": { "line": 149, "column": null } },
      "65": { "start": { "line": 150, "column": 71 }, "end": { "line": 150, "column": null } },
      "66": { "start": { "line": 151, "column": 4 }, "end": { "line": 152, "column": null } },
      "67": { "start": { "line": 152, "column": 6 }, "end": { "line": 152, "column": null } },
      "68": { "start": { "line": 154, "column": 21 }, "end": { "line": 154, "column": 57 } },
      "69": { "start": { "line": 155, "column": 17 }, "end": { "line": 155, "column": 38 } },
      "70": { "start": { "line": 156, "column": 4 }, "end": { "line": 156, "column": null } },
      "71": { "start": { "line": 160, "column": 40 }, "end": { "line": 175, "column": null } },
      "72": { "start": { "line": 164, "column": 4 }, "end": { "line": 165, "column": null } },
      "73": { "start": { "line": 165, "column": 6 }, "end": { "line": 165, "column": null } },
      "74": { "start": { "line": 167, "column": 4 }, "end": { "line": 168, "column": null } },
      "75": { "start": { "line": 168, "column": 6 }, "end": { "line": 168, "column": null } },
      "76": { "start": { "line": 171, "column": 16 }, "end": { "line": 171, "column": null } },
      "77": { "start": { "line": 172, "column": 20 }, "end": { "line": 172, "column": null } },
      "78": { "start": { "line": 173, "column": 21 }, "end": { "line": 173, "column": 57 } },
      "79": { "start": { "line": 174, "column": 17 }, "end": { "line": 174, "column": 38 } },
      "80": { "start": { "line": 175, "column": 4 }, "end": { "line": 175, "column": null } },
      "81": { "start": { "line": 179, "column": 38 }, "end": { "line": 195, "column": null } },
      "82": { "start": { "line": 183, "column": 4 }, "end": { "line": 184, "column": null } },
      "83": { "start": { "line": 184, "column": 6 }, "end": { "line": 184, "column": null } },
      "84": { "start": { "line": 186, "column": 23 }, "end": { "line": 186, "column": null } },
      "85": { "start": { "line": 187, "column": 4 }, "end": { "line": 188, "column": null } },
      "86": { "start": { "line": 188, "column": 6 }, "end": { "line": 188, "column": null } },
      "87": { "start": { "line": 191, "column": 16 }, "end": { "line": 191, "column": null } },
      "88": { "start": { "line": 192, "column": 20 }, "end": { "line": 192, "column": null } },
      "89": { "start": { "line": 193, "column": 21 }, "end": { "line": 193, "column": 57 } },
      "90": { "start": { "line": 194, "column": 17 }, "end": { "line": 194, "column": 38 } },
      "91": { "start": { "line": 195, "column": 4 }, "end": { "line": 195, "column": null } },
      "92": { "start": { "line": 199, "column": 31 }, "end": { "line": 214, "column": null } },
      "93": { "start": { "line": 203, "column": 4 }, "end": { "line": 204, "column": null } },
      "94": { "start": { "line": 204, "column": 6 }, "end": { "line": 204, "column": null } },
      "95": { "start": { "line": 206, "column": 4 }, "end": { "line": 207, "column": null } },
      "96": { "start": { "line": 207, "column": 6 }, "end": { "line": 207, "column": null } },
      "97": { "start": { "line": 210, "column": 16 }, "end": { "line": 210, "column": null } },
      "98": { "start": { "line": 211, "column": 20 }, "end": { "line": 211, "column": null } },
      "99": { "start": { "line": 212, "column": 21 }, "end": { "line": 212, "column": 57 } },
      "100": { "start": { "line": 213, "column": 17 }, "end": { "line": 213, "column": 38 } },
      "101": { "start": { "line": 214, "column": 4 }, "end": { "line": 214, "column": null } },
      "102": { "start": { "line": 218, "column": 33 }, "end": { "line": 233, "column": null } },
      "103": { "start": { "line": 222, "column": 4 }, "end": { "line": 223, "column": null } },
      "104": { "start": { "line": 223, "column": 6 }, "end": { "line": 223, "column": null } },
      "105": { "start": { "line": 225, "column": 4 }, "end": { "line": 226, "column": null } },
      "106": { "start": { "line": 226, "column": 6 }, "end": { "line": 226, "column": null } },
      "107": { "start": { "line": 229, "column": 16 }, "end": { "line": 229, "column": null } },
      "108": { "start": { "line": 230, "column": 20 }, "end": { "line": 230, "column": null } },
      "109": { "start": { "line": 231, "column": 21 }, "end": { "line": 231, "column": 57 } },
      "110": { "start": { "line": 232, "column": 17 }, "end": { "line": 232, "column": 38 } },
      "111": { "start": { "line": 233, "column": 4 }, "end": { "line": 233, "column": null } },
      "112": { "start": { "line": 237, "column": 22 }, "end": { "line": 252, "column": null } },
      "113": { "start": { "line": 241, "column": 4 }, "end": { "line": 242, "column": null } },
      "114": { "start": { "line": 242, "column": 6 }, "end": { "line": 242, "column": null } },
      "115": { "start": { "line": 244, "column": 4 }, "end": { "line": 245, "column": null } },
      "116": { "start": { "line": 245, "column": 6 }, "end": { "line": 245, "column": null } },
      "117": { "start": { "line": 248, "column": 16 }, "end": { "line": 248, "column": null } },
      "118": { "start": { "line": 249, "column": 20 }, "end": { "line": 249, "column": null } },
      "119": { "start": { "line": 250, "column": 21 }, "end": { "line": 250, "column": 57 } },
      "120": { "start": { "line": 251, "column": 17 }, "end": { "line": 251, "column": 38 } },
      "121": { "start": { "line": 252, "column": 4 }, "end": { "line": 252, "column": null } },
      "122": { "start": { "line": 256, "column": 35 }, "end": { "line": 276, "column": null } },
      "123": { "start": { "line": 261, "column": 4 }, "end": { "line": 262, "column": null } },
      "124": { "start": { "line": 262, "column": 6 }, "end": { "line": 262, "column": null } },
      "125": { "start": { "line": 264, "column": 29 }, "end": { "line": 264, "column": null } },
      "126": { "start": { "line": 265, "column": 4 }, "end": { "line": 266, "column": null } },
      "127": { "start": { "line": 266, "column": 6 }, "end": { "line": 266, "column": null } },
      "128": { "start": { "line": 268, "column": 4 }, "end": { "line": 269, "column": null } },
      "129": { "start": { "line": 269, "column": 6 }, "end": { "line": 269, "column": null } },
      "130": { "start": { "line": 272, "column": 16 }, "end": { "line": 272, "column": null } },
      "131": { "start": { "line": 273, "column": 20 }, "end": { "line": 273, "column": null } },
      "132": { "start": { "line": 274, "column": 21 }, "end": { "line": 274, "column": 58 } },
      "133": { "start": { "line": 275, "column": 17 }, "end": { "line": 275, "column": 38 } },
      "134": { "start": { "line": 276, "column": 4 }, "end": { "line": 276, "column": null } },
      "135": { "start": { "line": 279, "column": 2 }, "end": { "line": 292, "column": null } }
    },
    "fnMap": {
      "0": {
        "name": "createCabinetApi",
        "decl": { "start": { "line": 20, "column": 16 }, "end": { "line": 20, "column": null } },
        "loc": { "start": { "line": 23, "column": 14 }, "end": { "line": 292, "column": null } },
        "line": 23
      },
      "1": {
        "name": "(anonymous_1)",
        "decl": { "start": { "line": 27, "column": 26 }, "end": { "line": 27, "column": null } },
        "loc": { "start": { "line": 31, "column": 22 }, "end": { "line": 46, "column": null } },
        "line": 31
      },
      "2": {
        "name": "(anonymous_2)",
        "decl": { "start": { "line": 50, "column": 38 }, "end": { "line": 50, "column": null } },
        "loc": { "start": { "line": 53, "column": 22 }, "end": { "line": 65, "column": null } },
        "line": 53
      },
      "3": {
        "name": "(anonymous_3)",
        "decl": { "start": { "line": 69, "column": 42 }, "end": { "line": 69, "column": null } },
        "loc": { "start": { "line": 72, "column": 22 }, "end": { "line": 84, "column": null } },
        "line": 72
      },
      "4": {
        "name": "(anonymous_4)",
        "decl": { "start": { "line": 88, "column": 37 }, "end": { "line": 88, "column": null } },
        "loc": { "start": { "line": 91, "column": 22 }, "end": { "line": 103, "column": null } },
        "line": 91
      },
      "5": {
        "name": "(anonymous_5)",
        "decl": { "start": { "line": 107, "column": 34 }, "end": { "line": 107, "column": null } },
        "loc": { "start": { "line": 112, "column": 22 }, "end": { "line": 130, "column": null } },
        "line": 112
      },
      "6": {
        "name": "(anonymous_6)",
        "decl": { "start": { "line": 134, "column": 31 }, "end": { "line": 134, "column": null } },
        "loc": { "start": { "line": 138, "column": 22 }, "end": { "line": 156, "column": null } },
        "line": 138
      },
      "7": {
        "name": "(anonymous_7)",
        "decl": { "start": { "line": 160, "column": 40 }, "end": { "line": 160, "column": null } },
        "loc": { "start": { "line": 163, "column": 22 }, "end": { "line": 175, "column": null } },
        "line": 163
      },
      "8": {
        "name": "(anonymous_8)",
        "decl": { "start": { "line": 179, "column": 38 }, "end": { "line": 179, "column": null } },
        "loc": { "start": { "line": 182, "column": 22 }, "end": { "line": 195, "column": null } },
        "line": 182
      },
      "9": {
        "name": "(anonymous_9)",
        "decl": { "start": { "line": 199, "column": 31 }, "end": { "line": 199, "column": null } },
        "loc": { "start": { "line": 202, "column": 22 }, "end": { "line": 214, "column": null } },
        "line": 202
      },
      "10": {
        "name": "(anonymous_10)",
        "decl": { "start": { "line": 218, "column": 33 }, "end": { "line": 218, "column": null } },
        "loc": { "start": { "line": 221, "column": 22 }, "end": { "line": 233, "column": null } },
        "line": 221
      },
      "11": {
        "name": "(anonymous_11)",
        "decl": { "start": { "line": 237, "column": 22 }, "end": { "line": 237, "column": null } },
        "loc": { "start": { "line": 240, "column": 22 }, "end": { "line": 252, "column": null } },
        "line": 240
      },
      "12": {
        "name": "(anonymous_12)",
        "decl": { "start": { "line": 256, "column": 35 }, "end": { "line": 256, "column": null } },
        "loc": { "start": { "line": 260, "column": 22 }, "end": { "line": 276, "column": null } },
        "line": 260
      }
    },
    "branchMap": {
      "0": {
        "loc": { "start": { "line": 32, "column": 4 }, "end": { "line": 33, "column": null } },
        "type": "if",
        "locations": [
          { "start": { "line": 32, "column": 4 }, "end": { "line": 33, "column": null } },
          { "start": {}, "end": {} }
        ],
        "line": 32
      },
      "1": {
        "loc": { "start": { "line": 32, "column": 8 }, "end": { "line": 32, "column": 55 } },
        "type": "binary-expr",
        "locations": [
          { "start": { "line": 32, "column": 8 }, "end": { "line": 32, "column": 30 } },
          { "start": { "line": 32, "column": 34 }, "end": { "line": 32, "column": 55 } }
        ],
        "line": 32
      },
      "2": {
        "loc": { "start": { "line": 35, "column": 4 }, "end": { "line": 36, "column": null } },
        "type": "if",
        "locations": [
          { "start": { "line": 35, "column": 4 }, "end": { "line": 36, "column": null } },
          { "start": {}, "end": {} }
        ],
        "line": 35
      },
      "3": {
        "loc": { "start": { "line": 38, "column": 4 }, "end": { "line": 39, "column": null } },
        "type": "if",
        "locations": [
          { "start": { "line": 38, "column": 4 }, "end": { "line": 39, "column": null } },
          { "start": {}, "end": {} }
        ],
        "line": 38
      },
      "4": {
        "loc": { "start": { "line": 38, "column": 8 }, "end": { "line": 38, "column": 60 } },
        "type": "binary-expr",
        "locations": [
          { "start": { "line": 38, "column": 8 }, "end": { "line": 38, "column": 35 } },
          { "start": { "line": 38, "column": 35 }, "end": { "line": 38, "column": 60 } }
        ],
        "line": 38
      },
      "5": {
        "loc": { "start": { "line": 54, "column": 4 }, "end": { "line": 55, "column": null } },
        "type": "if",
        "locations": [
          { "start": { "line": 54, "column": 4 }, "end": { "line": 55, "column": null } },
          { "start": {}, "end": {} }
        ],
        "line": 54
      },
      "6": {
        "loc": { "start": { "line": 54, "column": 8 }, "end": { "line": 54, "column": 55 } },
        "type": "binary-expr",
        "locations": [
          { "start": { "line": 54, "column": 8 }, "end": { "line": 54, "column": 30 } },
          { "start": { "line": 54, "column": 34 }, "end": { "line": 54, "column": 55 } }
        ],
        "line": 54
      },
      "7": {
        "loc": { "start": { "line": 57, "column": 4 }, "end": { "line": 58, "column": null } },
        "type": "if",
        "locations": [
          { "start": { "line": 57, "column": 4 }, "end": { "line": 58, "column": null } },
          { "start": {}, "end": {} }
        ],
        "line": 57
      },
      "8": {
        "loc": { "start": { "line": 73, "column": 4 }, "end": { "line": 74, "column": null } },
        "type": "if",
        "locations": [
          { "start": { "line": 73, "column": 4 }, "end": { "line": 74, "column": null } },
          { "start": {}, "end": {} }
        ],
        "line": 73
      },
      "9": {
        "loc": { "start": { "line": 73, "column": 8 }, "end": { "line": 73, "column": 55 } },
        "type": "binary-expr",
        "locations": [
          { "start": { "line": 73, "column": 8 }, "end": { "line": 73, "column": 30 } },
          { "start": { "line": 73, "column": 34 }, "end": { "line": 73, "column": 55 } }
        ],
        "line": 73
      },
      "10": {
        "loc": { "start": { "line": 76, "column": 4 }, "end": { "line": 77, "column": null } },
        "type": "if",
        "locations": [
          { "start": { "line": 76, "column": 4 }, "end": { "line": 77, "column": null } },
          { "start": {}, "end": {} }
        ],
        "line": 76
      },
      "11": {
        "loc": { "start": { "line": 76, "column": 8 }, "end": { "line": 76, "column": 66 } },
        "type": "binary-expr",
        "locations": [
          { "start": { "line": 76, "column": 8 }, "end": { "line": 76, "column": 38 } },
          { "start": { "line": 76, "column": 38 }, "end": { "line": 76, "column": 52 } },
          { "start": { "line": 76, "column": 52 }, "end": { "line": 76, "column": 66 } }
        ],
        "line": 76
      },
      "12": {
        "loc": { "start": { "line": 92, "column": 4 }, "end": { "line": 93, "column": null } },
        "type": "if",
        "locations": [
          { "start": { "line": 92, "column": 4 }, "end": { "line": 93, "column": null } },
          { "start": {}, "end": {} }
        ],
        "line": 92
      },
      "13": {
        "loc": { "start": { "line": 92, "column": 8 }, "end": { "line": 92, "column": 55 } },
        "type": "binary-expr",
        "locations": [
          { "start": { "line": 92, "column": 8 }, "end": { "line": 92, "column": 30 } },
          { "start": { "line": 92, "column": 34 }, "end": { "line": 92, "column": 55 } }
        ],
        "line": 92
      },
      "14": {
        "loc": { "start": { "line": 95, "column": 4 }, "end": { "line": 96, "column": null } },
        "type": "if",
        "locations": [
          { "start": { "line": 95, "column": 4 }, "end": { "line": 96, "column": null } },
          { "start": {}, "end": {} }
        ],
        "line": 95
      },
      "15": {
        "loc": { "start": { "line": 95, "column": 8 }, "end": { "line": 95, "column": 34 } },
        "type": "binary-expr",
        "locations": [
          { "start": { "line": 95, "column": 8 }, "end": { "line": 95, "column": 22 } },
          { "start": { "line": 95, "column": 22 }, "end": { "line": 95, "column": 34 } }
        ],
        "line": 95
      },
      "16": {
        "loc": { "start": { "line": 113, "column": 4 }, "end": { "line": 114, "column": null } },
        "type": "if",
        "locations": [
          { "start": { "line": 113, "column": 4 }, "end": { "line": 114, "column": null } },
          { "start": {}, "end": {} }
        ],
        "line": 113
      },
      "17": {
        "loc": { "start": { "line": 113, "column": 8 }, "end": { "line": 113, "column": 55 } },
        "type": "binary-expr",
        "locations": [
          { "start": { "line": 113, "column": 8 }, "end": { "line": 113, "column": 30 } },
          { "start": { "line": 113, "column": 34 }, "end": { "line": 113, "column": 55 } }
        ],
        "line": 113
      },
      "18": {
        "loc": { "start": { "line": 116, "column": 4 }, "end": { "line": 117, "column": null } },
        "type": "if",
        "locations": [
          { "start": { "line": 116, "column": 4 }, "end": { "line": 117, "column": null } },
          { "start": {}, "end": {} }
        ],
        "line": 116
      },
      "19": {
        "loc": { "start": { "line": 116, "column": 8 }, "end": { "line": 116, "column": 51 } },
        "type": "binary-expr",
        "locations": [
          { "start": { "line": 116, "column": 8 }, "end": { "line": 116, "column": 33 } },
          { "start": { "line": 116, "column": 33 }, "end": { "line": 116, "column": 42 } },
          { "start": { "line": 116, "column": 42 }, "end": { "line": 116, "column": 51 } }
        ],
        "line": 116
      },
      "20": {
        "loc": { "start": { "line": 119, "column": 4 }, "end": { "line": 120, "column": null } },
        "type": "if",
        "locations": [
          { "start": { "line": 119, "column": 4 }, "end": { "line": 120, "column": null } },
          { "start": {}, "end": {} }
        ],
        "line": 119
      },
      "21": {
        "loc": { "start": { "line": 119, "column": 8 }, "end": { "line": 119, "column": 51 } },
        "type": "binary-expr",
        "locations": [
          { "start": { "line": 119, "column": 8 }, "end": { "line": 119, "column": 33 } },
          { "start": { "line": 119, "column": 33 }, "end": { "line": 119, "column": 42 } },
          { "start": { "line": 119, "column": 42 }, "end": { "line": 119, "column": 51 } }
        ],
        "line": 119
      },
      "22": {
        "loc": { "start": { "line": 122, "column": 4 }, "end": { "line": 123, "column": null } },
        "type": "if",
        "locations": [
          { "start": { "line": 122, "column": 4 }, "end": { "line": 123, "column": null } },
          { "start": {}, "end": {} }
        ],
        "line": 122
      },
      "23": {
        "loc": { "start": { "line": 122, "column": 8 }, "end": { "line": 122, "column": 51 } },
        "type": "binary-expr",
        "locations": [
          { "start": { "line": 122, "column": 8 }, "end": { "line": 122, "column": 33 } },
          { "start": { "line": 122, "column": 33 }, "end": { "line": 122, "column": 42 } },
          { "start": { "line": 122, "column": 42 }, "end": { "line": 122, "column": 51 } }
        ],
        "line": 122
      },
      "24": {
        "loc": { "start": { "line": 139, "column": 4 }, "end": { "line": 140, "column": null } },
        "type": "if",
        "locations": [
          { "start": { "line": 139, "column": 4 }, "end": { "line": 140, "column": null } },
          { "start": {}, "end": {} }
        ],
        "line": 139
      },
      "25": {
        "loc": { "start": { "line": 139, "column": 8 }, "end": { "line": 139, "column": 55 } },
        "type": "binary-expr",
        "locations": [
          { "start": { "line": 139, "column": 8 }, "end": { "line": 139, "column": 30 } },
          { "start": { "line": 139, "column": 34 }, "end": { "line": 139, "column": 55 } }
        ],
        "line": 139
      },
      "26": {
        "loc": { "start": { "line": 142, "column": 4 }, "end": { "line": 143, "column": null } },
        "type": "if",
        "locations": [
          { "start": { "line": 142, "column": 4 }, "end": { "line": 143, "column": null } },
          { "start": {}, "end": {} }
        ],
        "line": 142
      },
      "27": {
        "loc": { "start": { "line": 142, "column": 8 }, "end": { "line": 142, "column": 61 } },
        "type": "binary-expr",
        "locations": [
          { "start": { "line": 142, "column": 8 }, "end": { "line": 142, "column": 37 } },
          { "start": { "line": 142, "column": 37 }, "end": { "line": 142, "column": 50 } },
          { "start": { "line": 142, "column": 50 }, "end": { "line": 142, "column": 61 } }
        ],
        "line": 142
      },
      "28": {
        "loc": { "start": { "line": 145, "column": 4 }, "end": { "line": 146, "column": null } },
        "type": "if",
        "locations": [
          { "start": { "line": 145, "column": 4 }, "end": { "line": 146, "column": null } },
          { "start": {}, "end": {} }
        ],
        "line": 145
      },
      "29": {
        "loc": { "start": { "line": 145, "column": 8 }, "end": { "line": 145, "column": 67 } },
        "type": "binary-expr",
        "locations": [
          { "start": { "line": 145, "column": 8 }, "end": { "line": 145, "column": 30 } },
          { "start": { "line": 145, "column": 30 }, "end": { "line": 145, "column": 57 } },
          { "start": { "line": 145, "column": 57 }, "end": { "line": 145, "column": 67 } }
        ],
        "line": 145
      },
      "30": {
        "loc": { "start": { "line": 151, "column": 4 }, "end": { "line": 152, "column": null } },
        "type": "if",
        "locations": [
          { "start": { "line": 151, "column": 4 }, "end": { "line": 152, "column": null } },
          { "start": {}, "end": {} }
        ],
        "line": 151
      },
      "31": {
        "loc": { "start": { "line": 164, "column": 4 }, "end": { "line": 165, "column": null } },
        "type": "if",
        "locations": [
          { "start": { "line": 164, "column": 4 }, "end": { "line": 165, "column": null } },
          { "start": {}, "end": {} }
        ],
        "line": 164
      },
      "32": {
        "loc": { "start": { "line": 164, "column": 8 }, "end": { "line": 164, "column": 55 } },
        "type": "binary-expr",
        "locations": [
          { "start": { "line": 164, "column": 8 }, "end": { "line": 164, "column": 30 } },
          { "start": { "line": 164, "column": 34 }, "end": { "line": 164, "column": 55 } }
        ],
        "line": 164
      },
      "33": {
        "loc": { "start": { "line": 167, "column": 4 }, "end": { "line": 168, "column": null } },
        "type": "if",
        "locations": [
          { "start": { "line": 167, "column": 4 }, "end": { "line": 168, "column": null } },
          { "start": {}, "end": {} }
        ],
        "line": 167
      },
      "34": {
        "loc": { "start": { "line": 167, "column": 8 }, "end": { "line": 167, "column": 68 } },
        "type": "binary-expr",
        "locations": [
          { "start": { "line": 167, "column": 8 }, "end": { "line": 167, "column": 37 } },
          { "start": { "line": 167, "column": 37 }, "end": { "line": 167, "column": 53 } },
          { "start": { "line": 167, "column": 53 }, "end": { "line": 167, "column": 68 } }
        ],
        "line": 167
      },
      "35": {
        "loc": { "start": { "line": 183, "column": 4 }, "end": { "line": 184, "column": null } },
        "type": "if",
        "locations": [
          { "start": { "line": 183, "column": 4 }, "end": { "line": 184, "column": null } },
          { "start": {}, "end": {} }
        ],
        "line": 183
      },
      "36": {
        "loc": { "start": { "line": 183, "column": 8 }, "end": { "line": 183, "column": 55 } },
        "type": "binary-expr",
        "locations": [
          { "start": { "line": 183, "column": 8 }, "end": { "line": 183, "column": 30 } },
          { "start": { "line": 183, "column": 34 }, "end": { "line": 183, "column": 55 } }
        ],
        "line": 183
      },
      "37": {
        "loc": { "start": { "line": 187, "column": 4 }, "end": { "line": 188, "column": null } },
        "type": "if",
        "locations": [
          { "start": { "line": 187, "column": 4 }, "end": { "line": 188, "column": null } },
          { "start": {}, "end": {} }
        ],
        "line": 187
      },
      "38": {
        "loc": { "start": { "line": 203, "column": 4 }, "end": { "line": 204, "column": null } },
        "type": "if",
        "locations": [
          { "start": { "line": 203, "column": 4 }, "end": { "line": 204, "column": null } },
          { "start": {}, "end": {} }
        ],
        "line": 203
      },
      "39": {
        "loc": { "start": { "line": 203, "column": 8 }, "end": { "line": 203, "column": 55 } },
        "type": "binary-expr",
        "locations": [
          { "start": { "line": 203, "column": 8 }, "end": { "line": 203, "column": 30 } },
          { "start": { "line": 203, "column": 34 }, "end": { "line": 203, "column": 55 } }
        ],
        "line": 203
      },
      "40": {
        "loc": { "start": { "line": 206, "column": 4 }, "end": { "line": 207, "column": null } },
        "type": "if",
        "locations": [
          { "start": { "line": 206, "column": 4 }, "end": { "line": 207, "column": null } },
          { "start": {}, "end": {} }
        ],
        "line": 206
      },
      "41": {
        "loc": { "start": { "line": 222, "column": 4 }, "end": { "line": 223, "column": null } },
        "type": "if",
        "locations": [
          { "start": { "line": 222, "column": 4 }, "end": { "line": 223, "column": null } },
          { "start": {}, "end": {} }
        ],
        "line": 222
      },
      "42": {
        "loc": { "start": { "line": 222, "column": 8 }, "end": { "line": 222, "column": 55 } },
        "type": "binary-expr",
        "locations": [
          { "start": { "line": 222, "column": 8 }, "end": { "line": 222, "column": 30 } },
          { "start": { "line": 222, "column": 34 }, "end": { "line": 222, "column": 55 } }
        ],
        "line": 222
      },
      "43": {
        "loc": { "start": { "line": 225, "column": 4 }, "end": { "line": 226, "column": null } },
        "type": "if",
        "locations": [
          { "start": { "line": 225, "column": 4 }, "end": { "line": 226, "column": null } },
          { "start": {}, "end": {} }
        ],
        "line": 225
      },
      "44": {
        "loc": { "start": { "line": 225, "column": 8 }, "end": { "line": 225, "column": 50 } },
        "type": "binary-expr",
        "locations": [
          { "start": { "line": 225, "column": 8 }, "end": { "line": 225, "column": 38 } },
          { "start": { "line": 225, "column": 38 }, "end": { "line": 225, "column": 50 } }
        ],
        "line": 225
      },
      "45": {
        "loc": { "start": { "line": 241, "column": 4 }, "end": { "line": 242, "column": null } },
        "type": "if",
        "locations": [
          { "start": { "line": 241, "column": 4 }, "end": { "line": 242, "column": null } },
          { "start": {}, "end": {} }
        ],
        "line": 241
      },
      "46": {
        "loc": { "start": { "line": 241, "column": 8 }, "end": { "line": 241, "column": 63 } },
        "type": "binary-expr",
        "locations": [
          { "start": { "line": 241, "column": 8 }, "end": { "line": 241, "column": 40 } },
          { "start": { "line": 241, "column": 40 }, "end": { "line": 241, "column": 63 } }
        ],
        "line": 241
      },
      "47": {
        "loc": { "start": { "line": 244, "column": 4 }, "end": { "line": 245, "column": null } },
        "type": "if",
        "locations": [
          { "start": { "line": 244, "column": 4 }, "end": { "line": 245, "column": null } },
          { "start": {}, "end": {} }
        ],
        "line": 244
      },
      "48": {
        "loc": { "start": { "line": 244, "column": 8 }, "end": { "line": 244, "column": 59 } },
        "type": "binary-expr",
        "locations": [
          { "start": { "line": 244, "column": 8 }, "end": { "line": 244, "column": 32 } },
          { "start": { "line": 244, "column": 36 }, "end": { "line": 244, "column": 59 } }
        ],
        "line": 244
      },
      "49": {
        "loc": { "start": { "line": 261, "column": 4 }, "end": { "line": 262, "column": null } },
        "type": "if",
        "locations": [
          { "start": { "line": 261, "column": 4 }, "end": { "line": 262, "column": null } },
          { "start": {}, "end": {} }
        ],
        "line": 261
      },
      "50": {
        "loc": { "start": { "line": 261, "column": 8 }, "end": { "line": 261, "column": 55 } },
        "type": "binary-expr",
        "locations": [
          { "start": { "line": 261, "column": 8 }, "end": { "line": 261, "column": 30 } },
          { "start": { "line": 261, "column": 34 }, "end": { "line": 261, "column": 55 } }
        ],
        "line": 261
      },
      "51": {
        "loc": { "start": { "line": 265, "column": 4 }, "end": { "line": 266, "column": null } },
        "type": "if",
        "locations": [
          { "start": { "line": 265, "column": 4 }, "end": { "line": 266, "column": null } },
          { "start": {}, "end": {} }
        ],
        "line": 265
      },
      "52": {
        "loc": { "start": { "line": 268, "column": 4 }, "end": { "line": 269, "column": null } },
        "type": "if",
        "locations": [
          { "start": { "line": 268, "column": 4 }, "end": { "line": 269, "column": null } },
          { "start": {}, "end": {} }
        ],
        "line": 268
      },
      "53": {
        "loc": { "start": { "line": 268, "column": 8 }, "end": { "line": 268, "column": 61 } },
        "type": "binary-expr",
        "locations": [
          { "start": { "line": 268, "column": 8 }, "end": { "line": 268, "column": 37 } },
          { "start": { "line": 268, "column": 37 }, "end": { "line": 268, "column": 50 } },
          { "start": { "line": 268, "column": 50 }, "end": { "line": 268, "column": 61 } }
        ],
        "line": 268
      }
    },
    "s": {
      "0": 43,
      "1": 43,
      "2": 2,
      "3": 0,
      "4": 2,
      "5": 0,
      "6": 2,
      "7": 1,
      "8": 1,
      "9": 1,
      "10": 1,
      "11": 1,
      "12": 1,
      "13": 43,
      "14": 2,
      "15": 0,
      "16": 2,
      "17": 1,
      "18": 1,
      "19": 1,
      "20": 1,
      "21": 1,
      "22": 1,
      "23": 43,
      "24": 0,
      "25": 0,
      "26": 0,
      "27": 0,
      "28": 0,
      "29": 0,
      "30": 0,
      "31": 0,
      "32": 0,
      "33": 43,
      "34": 0,
      "35": 0,
      "36": 0,
      "37": 0,
      "38": 0,
      "39": 0,
      "40": 0,
      "41": 0,
      "42": 0,
      "43": 43,
      "44": 2,
      "45": 0,
      "46": 2,
      "47": 1,
      "48": 1,
      "49": 0,
      "50": 1,
      "51": 0,
      "52": 1,
      "53": 1,
      "54": 1,
      "55": 1,
      "56": 1,
      "57": 43,
      "58": 0,
      "59": 0,
      "60": 0,
      "61": 0,
      "62": 0,
      "63": 0,
      "64": 0,
      "65": 0,
      "66": 0,
      "67": 0,
      "68": 0,
      "69": 0,
      "70": 0,
      "71": 43,
      "72": 2,
      "73": 0,
      "74": 2,
      "75": 1,
      "76": 1,
      "77": 1,
      "78": 1,
      "79": 1,
      "80": 1,
      "81": 43,
      "82": 2,
      "83": 0,
      "84": 2,
      "85": 2,
      "86": 1,
      "87": 1,
      "88": 1,
      "89": 1,
      "90": 1,
      "91": 1,
      "92": 43,
      "93": 0,
      "94": 0,
      "95": 0,
      "96": 0,
      "97": 0,
      "98": 0,
      "99": 0,
      "100": 0,
      "101": 0,
      "102": 43,
      "103": 0,
      "104": 0,
      "105": 0,
      "106": 0,
      "107": 0,
      "108": 0,
      "109": 0,
      "110": 0,
      "111": 0,
      "112": 43,
      "113": 0,
      "114": 0,
      "115": 0,
      "116": 0,
      "117": 0,
      "118": 0,
      "119": 0,
      "120": 0,
      "121": 0,
      "122": 43,
      "123": 0,
      "124": 0,
      "125": 0,
      "126": 0,
      "127": 0,
      "128": 0,
      "129": 0,
      "130": 0,
      "131": 0,
      "132": 0,
      "133": 0,
      "134": 0,
      "135": 43
    },
    "f": {
      "0": 43,
      "1": 2,
      "2": 2,
      "3": 0,
      "4": 0,
      "5": 2,
      "6": 0,
      "7": 2,
      "8": 2,
      "9": 0,
      "10": 0,
      "11": 0,
      "12": 0
    },
    "b": {
      "0": [0, 2],
      "1": [2, 2],
      "2": [0, 2],
      "3": [1, 1],
      "4": [2, 1],
      "5": [0, 2],
      "6": [2, 2],
      "7": [1, 1],
      "8": [0, 0],
      "9": [0, 0],
      "10": [0, 0],
      "11": [0, 0, 0],
      "12": [0, 0],
      "13": [0, 0],
      "14": [0, 0],
      "15": [0, 0],
      "16": [0, 2],
      "17": [2, 2],
      "18": [1, 1],
      "19": [2, 2, 2],
      "20": [0, 1],
      "21": [1, 1, 1],
      "22": [0, 1],
      "23": [1, 1, 1],
      "24": [0, 0],
      "25": [0, 0],
      "26": [0, 0],
      "27": [0, 0, 0],
      "28": [0, 0],
      "29": [0, 0, 0],
      "30": [0, 0],
      "31": [0, 2],
      "32": [2, 2],
      "33": [1, 1],
      "34": [2, 2, 1],
      "35": [0, 2],
      "36": [2, 2],
      "37": [1, 1],
      "38": [0, 0],
      "39": [0, 0],
      "40": [0, 0],
      "41": [0, 0],
      "42": [0, 0],
      "43": [0, 0],
      "44": [0, 0],
      "45": [0, 0],
      "46": [0, 0],
      "47": [0, 0],
      "48": [0, 0],
      "49": [0, 0],
      "50": [0, 0],
      "51": [0, 0],
      "52": [0, 0],
      "53": [0, 0, 0]
    },
    "meta": {
      "lastBranch": 54,
      "lastFunction": 13,
      "lastStatement": 136,
      "seen": {
        "f:20:16:20:Infinity": 0,
        "s:24:22:24:Infinity": 0,
        "s:27:26:46:Infinity": 1,
        "f:27:26:27:Infinity": 1,
        "b:32:4:33:Infinity:undefined:undefined:undefined:undefined": 0,
        "s:32:4:33:Infinity": 2,
        "b:32:8:32:30:32:34:32:55": 1,
        "s:33:6:33:Infinity": 3,
        "b:35:4:36:Infinity:undefined:undefined:undefined:undefined": 2,
        "s:35:4:36:Infinity": 4,
        "s:36:6:36:Infinity": 5,
        "b:38:4:39:Infinity:undefined:undefined:undefined:undefined": 3,
        "s:38:4:39:Infinity": 6,
        "b:38:8:38:35:38:35:38:60": 4,
        "s:39:6:39:Infinity": 7,
        "s:42:16:42:Infinity": 8,
        "s:43:20:43:Infinity": 9,
        "s:44:21:44:57": 10,
        "s:45:17:45:38": 11,
        "s:46:4:46:Infinity": 12,
        "s:50:38:65:Infinity": 13,
        "f:50:38:50:Infinity": 2,
        "b:54:4:55:Infinity:undefined:undefined:undefined:undefined": 5,
        "s:54:4:55:Infinity": 14,
        "b:54:8:54:30:54:34:54:55": 6,
        "s:55:6:55:Infinity": 15,
        "b:57:4:58:Infinity:undefined:undefined:undefined:undefined": 7,
        "s:57:4:58:Infinity": 16,
        "s:58:6:58:Infinity": 17,
        "s:61:16:61:Infinity": 18,
        "s:62:20:62:Infinity": 19,
        "s:63:21:63:57": 20,
        "s:64:17:64:38": 21,
        "s:65:4:65:Infinity": 22,
        "s:69:42:84:Infinity": 23,
        "f:69:42:69:Infinity": 3,
        "b:73:4:74:Infinity:undefined:undefined:undefined:undefined": 8,
        "s:73:4:74:Infinity": 24,
        "b:73:8:73:30:73:34:73:55": 9,
        "s:74:6:74:Infinity": 25,
        "b:76:4:77:Infinity:undefined:undefined:undefined:undefined": 10,
        "s:76:4:77:Infinity": 26,
        "b:76:8:76:38:76:38:76:52:76:52:76:66": 11,
        "s:77:6:77:Infinity": 27,
        "s:80:16:80:Infinity": 28,
        "s:81:20:81:Infinity": 29,
        "s:82:21:82:57": 30,
        "s:83:17:83:38": 31,
        "s:84:4:84:Infinity": 32,
        "s:88:37:103:Infinity": 33,
        "f:88:37:88:Infinity": 4,
        "b:92:4:93:Infinity:undefined:undefined:undefined:undefined": 12,
        "s:92:4:93:Infinity": 34,
        "b:92:8:92:30:92:34:92:55": 13,
        "s:93:6:93:Infinity": 35,
        "b:95:4:96:Infinity:undefined:undefined:undefined:undefined": 14,
        "s:95:4:96:Infinity": 36,
        "b:95:8:95:22:95:22:95:34": 15,
        "s:96:6:96:Infinity": 37,
        "s:99:16:99:Infinity": 38,
        "s:100:20:100:Infinity": 39,
        "s:101:21:101:57": 40,
        "s:102:17:102:38": 41,
        "s:103:4:103:Infinity": 42,
        "s:107:34:130:Infinity": 43,
        "f:107:34:107:Infinity": 5,
        "b:113:4:114:Infinity:undefined:undefined:undefined:undefined": 16,
        "s:113:4:114:Infinity": 44,
        "b:113:8:113:30:113:34:113:55": 17,
        "s:114:6:114:Infinity": 45,
        "b:116:4:117:Infinity:undefined:undefined:undefined:undefined": 18,
        "s:116:4:117:Infinity": 46,
        "b:116:8:116:33:116:33:116:42:116:42:116:51": 19,
        "s:117:6:117:Infinity": 47,
        "b:119:4:120:Infinity:undefined:undefined:undefined:undefined": 20,
        "s:119:4:120:Infinity": 48,
        "b:119:8:119:33:119:33:119:42:119:42:119:51": 21,
        "s:120:6:120:Infinity": 49,
        "b:122:4:123:Infinity:undefined:undefined:undefined:undefined": 22,
        "s:122:4:123:Infinity": 50,
        "b:122:8:122:33:122:33:122:42:122:42:122:51": 23,
        "s:123:6:123:Infinity": 51,
        "s:126:16:126:Infinity": 52,
        "s:127:20:127:Infinity": 53,
        "s:128:21:128:57": 54,
        "s:129:17:129:38": 55,
        "s:130:4:130:Infinity": 56,
        "s:134:31:156:Infinity": 57,
        "f:134:31:134:Infinity": 6,
        "b:139:4:140:Infinity:undefined:undefined:undefined:undefined": 24,
        "s:139:4:140:Infinity": 58,
        "b:139:8:139:30:139:34:139:55": 25,
        "s:140:6:140:Infinity": 59,
        "b:142:4:143:Infinity:undefined:undefined:undefined:undefined": 26,
        "s:142:4:143:Infinity": 60,
        "b:142:8:142:37:142:37:142:50:142:50:142:61": 27,
        "s:143:6:143:Infinity": 61,
        "b:145:4:146:Infinity:undefined:undefined:undefined:undefined": 28,
        "s:145:4:146:Infinity": 62,
        "b:145:8:145:30:145:30:145:57:145:57:145:67": 29,
        "s:146:6:146:Infinity": 63,
        "s:149:16:149:Infinity": 64,
        "s:150:71:150:Infinity": 65,
        "b:151:4:152:Infinity:undefined:undefined:undefined:undefined": 30,
        "s:151:4:152:Infinity": 66,
        "s:152:6:152:Infinity": 67,
        "s:154:21:154:57": 68,
        "s:155:17:155:38": 69,
        "s:156:4:156:Infinity": 70,
        "s:160:40:175:Infinity": 71,
        "f:160:40:160:Infinity": 7,
        "b:164:4:165:Infinity:undefined:undefined:undefined:undefined": 31,
        "s:164:4:165:Infinity": 72,
        "b:164:8:164:30:164:34:164:55": 32,
        "s:165:6:165:Infinity": 73,
        "b:167:4:168:Infinity:undefined:undefined:undefined:undefined": 33,
        "s:167:4:168:Infinity": 74,
        "b:167:8:167:37:167:37:167:53:167:53:167:68": 34,
        "s:168:6:168:Infinity": 75,
        "s:171:16:171:Infinity": 76,
        "s:172:20:172:Infinity": 77,
        "s:173:21:173:57": 78,
        "s:174:17:174:38": 79,
        "s:175:4:175:Infinity": 80,
        "s:179:38:195:Infinity": 81,
        "f:179:38:179:Infinity": 8,
        "b:183:4:184:Infinity:undefined:undefined:undefined:undefined": 35,
        "s:183:4:184:Infinity": 82,
        "b:183:8:183:30:183:34:183:55": 36,
        "s:184:6:184:Infinity": 83,
        "s:186:23:186:Infinity": 84,
        "b:187:4:188:Infinity:undefined:undefined:undefined:undefined": 37,
        "s:187:4:188:Infinity": 85,
        "s:188:6:188:Infinity": 86,
        "s:191:16:191:Infinity": 87,
        "s:192:20:192:Infinity": 88,
        "s:193:21:193:57": 89,
        "s:194:17:194:38": 90,
        "s:195:4:195:Infinity": 91,
        "s:199:31:214:Infinity": 92,
        "f:199:31:199:Infinity": 9,
        "b:203:4:204:Infinity:undefined:undefined:undefined:undefined": 38,
        "s:203:4:204:Infinity": 93,
        "b:203:8:203:30:203:34:203:55": 39,
        "s:204:6:204:Infinity": 94,
        "b:206:4:207:Infinity:undefined:undefined:undefined:undefined": 40,
        "s:206:4:207:Infinity": 95,
        "s:207:6:207:Infinity": 96,
        "s:210:16:210:Infinity": 97,
        "s:211:20:211:Infinity": 98,
        "s:212:21:212:57": 99,
        "s:213:17:213:38": 100,
        "s:214:4:214:Infinity": 101,
        "s:218:33:233:Infinity": 102,
        "f:218:33:218:Infinity": 10,
        "b:222:4:223:Infinity:undefined:undefined:undefined:undefined": 41,
        "s:222:4:223:Infinity": 103,
        "b:222:8:222:30:222:34:222:55": 42,
        "s:223:6:223:Infinity": 104,
        "b:225:4:226:Infinity:undefined:undefined:undefined:undefined": 43,
        "s:225:4:226:Infinity": 105,
        "b:225:8:225:38:225:38:225:50": 44,
        "s:226:6:226:Infinity": 106,
        "s:229:16:229:Infinity": 107,
        "s:230:20:230:Infinity": 108,
        "s:231:21:231:57": 109,
        "s:232:17:232:38": 110,
        "s:233:4:233:Infinity": 111,
        "s:237:22:252:Infinity": 112,
        "f:237:22:237:Infinity": 11,
        "b:241:4:242:Infinity:undefined:undefined:undefined:undefined": 45,
        "s:241:4:242:Infinity": 113,
        "b:241:8:241:40:241:40:241:63": 46,
        "s:242:6:242:Infinity": 114,
        "b:244:4:245:Infinity:undefined:undefined:undefined:undefined": 47,
        "s:244:4:245:Infinity": 115,
        "b:244:8:244:32:244:36:244:59": 48,
        "s:245:6:245:Infinity": 116,
        "s:248:16:248:Infinity": 117,
        "s:249:20:249:Infinity": 118,
        "s:250:21:250:57": 119,
        "s:251:17:251:38": 120,
        "s:252:4:252:Infinity": 121,
        "s:256:35:276:Infinity": 122,
        "f:256:35:256:Infinity": 12,
        "b:261:4:262:Infinity:undefined:undefined:undefined:undefined": 49,
        "s:261:4:262:Infinity": 123,
        "b:261:8:261:30:261:34:261:55": 50,
        "s:262:6:262:Infinity": 124,
        "s:264:29:264:Infinity": 125,
        "b:265:4:266:Infinity:undefined:undefined:undefined:undefined": 51,
        "s:265:4:266:Infinity": 126,
        "s:266:6:266:Infinity": 127,
        "b:268:4:269:Infinity:undefined:undefined:undefined:undefined": 52,
        "s:268:4:269:Infinity": 128,
        "b:268:8:268:37:268:37:268:50:268:50:268:61": 53,
        "s:269:6:269:Infinity": 129,
        "s:272:16:272:Infinity": 130,
        "s:273:20:273:Infinity": 131,
        "s:274:21:274:58": 132,
        "s:275:17:275:38": 133,
        "s:276:4:276:Infinity": 134,
        "s:279:2:292:Infinity": 135
      }
    }
  },
  "/root/workspace/novastar-coex/src/api/device.ts": {
    "path": "/root/workspace/novastar-coex/src/api/device.ts",
    "statementMap": {
      "0": { "start": { "line": 53, "column": 18 }, "end": { "line": 53, "column": null } },
      "1": { "start": { "line": 56, "column": 18 }, "end": { "line": 60, "column": null } },
      "2": { "start": { "line": 57, "column": 16 }, "end": { "line": 57, "column": null } },
      "3": { "start": { "line": 58, "column": 21 }, "end": { "line": 58, "column": 38 } },
      "4": { "start": { "line": 59, "column": 17 }, "end": { "line": 59, "column": 38 } },
      "5": { "start": { "line": 60, "column": 4 }, "end": { "line": 60, "column": null } },
      "6": { "start": { "line": 64, "column": 18 }, "end": { "line": 69, "column": null } },
      "7": { "start": { "line": 65, "column": 16 }, "end": { "line": 65, "column": null } },
      "8": { "start": { "line": 66, "column": 21 }, "end": { "line": 66, "column": 38 } },
      "9": { "start": { "line": 67, "column": 17 }, "end": { "line": 67, "column": 38 } },
      "10": { "start": { "line": 68, "column": 23 }, "end": { "line": 68, "column": 57 } },
      "11": { "start": { "line": 69, "column": 4 }, "end": { "line": 69, "column": null } },
      "12": { "start": { "line": 73, "column": 18 }, "end": { "line": 77, "column": null } },
      "13": { "start": { "line": 74, "column": 16 }, "end": { "line": 74, "column": null } },
      "14": { "start": { "line": 75, "column": 21 }, "end": { "line": 75, "column": 38 } },
      "15": { "start": { "line": 76, "column": 17 }, "end": { "line": 76, "column": 38 } },
      "16": { "start": { "line": 77, "column": 4 }, "end": { "line": 77, "column": null } },
      "17": { "start": { "line": 81, "column": 21 }, "end": { "line": 94, "column": null } },
      "18": { "start": { "line": 82, "column": 23 }, "end": { "line": 82, "column": null } },
      "19": { "start": { "line": 83, "column": 4 }, "end": { "line": 84, "column": null } },
      "20": { "start": { "line": 84, "column": 6 }, "end": { "line": 84, "column": null } },
      "21": { "start": { "line": 86, "column": 4 }, "end": { "line": 87, "column": null } },
      "22": { "start": { "line": 87, "column": 6 }, "end": { "line": 87, "column": null } },
      "23": { "start": { "line": 90, "column": 16 }, "end": { "line": 90, "column": null } },
      "24": { "start": { "line": 91, "column": 20 }, "end": { "line": 91, "column": 31 } },
      "25": { "start": { "line": 92, "column": 21 }, "end": { "line": 92, "column": 57 } },
      "26": { "start": { "line": 93, "column": 17 }, "end": { "line": 93, "column": 38 } },
      "27": { "start": { "line": 94, "column": 4 }, "end": { "line": 94, "column": null } },
      "28": { "start": { "line": 98, "column": 28 }, "end": { "line": 125, "column": null } },
      "29": { "start": { "line": 99, "column": 67 }, "end": { "line": 99, "column": null } },
      "30": { "start": { "line": 101, "column": 4 }, "end": { "line": 102, "column": null } },
      "31": { "start": { "line": 102, "column": 6 }, "end": { "line": 102, "column": null } },
      "32": { "start": { "line": 104, "column": 4 }, "end": { "line": 105, "column": null } },
      "33": { "start": { "line": 105, "column": 6 }, "end": { "line": 105, "column": null } },
      "34": { "start": { "line": 107, "column": 4 }, "end": { "line": 108, "column": null } },
      "35": { "start": { "line": 108, "column": 6 }, "end": { "line": 108, "column": null } },
      "36": { "start": { "line": 110, "column": 27 }, "end": { "line": 110, "column": null } },
      "37": { "start": { "line": 111, "column": 4 }, "end": { "line": 112, "column": null } },
      "38": { "start": { "line": 112, "column": 6 }, "end": { "line": 112, "column": null } },
      "39": { "start": { "line": 115, "column": 16 }, "end": { "line": 115, "column": null } },
      "40": { "start": { "line": 116, "column": 20 }, "end": { "line": 122, "column": null } },
      "41": { "start": { "line": 123, "column": 21 }, "end": { "line": 123, "column": 57 } },
      "42": { "start": { "line": 124, "column": 17 }, "end": { "line": 124, "column": 38 } },
      "43": { "start": { "line": 125, "column": 4 }, "end": { "line": 125, "column": null } },
      "44": { "start": { "line": 129, "column": 36 }, "end": { "line": 140, "column": null } },
      "45": { "start": { "line": 133, "column": 16 }, "end": { "line": 133, "column": null } },
      "46": { "start": { "line": 134, "column": 20 }, "end": { "line": 137, "column": null } },
      "47": { "start": { "line": 138, "column": 21 }, "end": { "line": 138, "column": 57 } },
      "48": { "start": { "line": 139, "column": 17 }, "end": { "line": 139, "column": 38 } },
      "49": { "start": { "line": 140, "column": 4 }, "end": { "line": 140, "column": null } },
      "50": { "start": { "line": 144, "column": 23 }, "end": { "line": 148, "column": null } },
      "51": { "start": { "line": 145, "column": 16 }, "end": { "line": 145, "column": null } },
      "52": { "start": { "line": 146, "column": 21 }, "end": { "line": 146, "column": 38 } },
      "53": { "start": { "line": 147, "column": 17 }, "end": { "line": 147, "column": 38 } },
      "54": { "start": { "line": 148, "column": 4 }, "end": { "line": 148, "column": null } },
      "55": { "start": { "line": 152, "column": 20 }, "end": { "line": 168, "column": null } },
      "56": { "start": { "line": 153, "column": 4 }, "end": { "line": 154, "column": null } },
      "57": { "start": { "line": 154, "column": 6 }, "end": { "line": 154, "column": null } },
      "58": { "start": { "line": 156, "column": 23 }, "end": { "line": 156, "column": null } },
      "59": { "start": { "line": 157, "column": 4 }, "end": { "line": 158, "column": null } },
      "60": { "start": { "line": 158, "column": 6 }, "end": { "line": 158, "column": null } },
      "61": { "start": { "line": 160, "column": 4 }, "end": { "line": 161, "column": null } },
      "62": { "start": { "line": 161, "column": 6 }, "end": { "line": 161, "column": null } },
      "63": { "start": { "line": 164, "column": 16 }, "end": { "line": 164, "column": null } },
      "64": { "start": { "line": 165, "column": 20 }, "end": { "line": 165, "column": null } },
      "65": { "start": { "line": 166, "column": 21 }, "end": { "line": 166, "column": 57 } },
      "66": { "start": { "line": 167, "column": 17 }, "end": { "line": 167, "column": 38 } },
      "67": { "start": { "line": 168, "column": 4 }, "end": { "line": 168, "column": null } },
      "68": { "start": { "line": 172, "column": 23 }, "end": { "line": 188, "column": null } },
      "69": { "start": { "line": 173, "column": 4 }, "end": { "line": 174, "column": null } },
      "70": { "start": { "line": 174, "column": 6 }, "end": { "line": 174, "column": null } },
      "71": { "start": { "line": 176, "column": 23 }, "end": { "line": 176, "column": null } },
      "72": { "start": { "line": 177, "column": 4 }, "end": { "line": 178, "column": null } },
      "73": { "start": { "line": 178, "column": 6 }, "end": { "line": 178, "column": null } },
      "74": { "start": { "line": 180, "column": 4 }, "end": { "line": 181, "column": null } },
      "75": { "start": { "line": 181, "column": 6 }, "end": { "line": 181, "column": null } },
      "76": { "start": { "line": 184, "column": 16 }, "end": { "line": 184, "column": null } },
      "77": { "start": { "line": 185, "column": 20 }, "end": { "line": 185, "column": null } },
      "78": { "start": { "line": 186, "column": 21 }, "end": { "line": 186, "column": 57 } },
      "79": { "start": { "line": 187, "column": 17 }, "end": { "line": 187, "column": 38 } },
      "80": { "start": { "line": 188, "column": 4 }, "end": { "line": 188, "column": null } },
      "81": { "start": { "line": 192, "column": 31 }, "end": { "line": 201, "column": null } },
      "82": { "start": { "line": 193, "column": 4 }, "end": { "line": 194, "column": null } },
      "83": { "start": { "line": 194, "column": 6 }, "end": { "line": 194, "column": null } },
      "84": { "start": { "line": 197, "column": 16 }, "end": { "line": 197, "column": null } },
      "85": { "start": { "line": 198, "column": 20 }, "end": { "line": 198, "column": null } },
      "86": { "start": { "line": 199, "column": 21 }, "end": { "line": 199, "column": 57 } },
      "87": { "start": { "line": 200, "column": 17 }, "end": { "line": 200, "column": 38 } },
      "88": { "start": { "line": 201, "column": 4 }, "end": { "line": 201, "column": null } },
      "89": { "start": { "line": 205, "column": 24 }, "end": { "line": 217, "column": null } },
      "90": { "start": { "line": 206, "column": 4 }, "end": { "line": 207, "column": null } },
      "91": { "start": { "line": 207, "column": 6 }, "end": { "line": 207, "column": null } },
      "92": { "start": { "line": 209, "column": 4 }, "end": { "line": 210, "column": null } },
      "93": { "start": { "line": 210, "column": 6 }, "end": { "line": 210, "column": null } },
      "94": { "start": { "line": 213, "column": 16 }, "end": { "line": 213, "column": null } },
      "95": { "start": { "line": 214, "column": 20 }, "end": { "line": 214, "column": null } },
      "96": { "start": { "line": 215, "column": 21 }, "end": { "line": 215, "column": 57 } },
      "97": { "start": { "line": 216, "column": 17 }, "end": { "line": 216, "column": 38 } },
      "98": { "start": { "line": 217, "column": 4 }, "end": { "line": 217, "column": null } },
      "99": { "start": { "line": 221, "column": 22 }, "end": { "line": 233, "column": null } },
      "100": { "start": { "line": 222, "column": 4 }, "end": { "line": 223, "column": null } },
      "101": { "start": { "line": 223, "column": 6 }, "end": { "line": 223, "column": null } },
      "102": { "start": { "line": 225, "column": 4 }, "end": { "line": 226, "column": null } },
      "103": { "start": { "line": 226, "column": 6 }, "end": { "line": 226, "column": null } },
      "104": { "start": { "line": 229, "column": 16 }, "end": { "line": 229, "column": null } },
      "105": { "start": { "line": 230, "column": 20 }, "end": { "line": 230, "column": null } },
      "106": { "start": { "line": 231, "column": 21 }, "end": { "line": 231, "column": 57 } },
      "107": { "start": { "line": 232, "column": 17 }, "end": { "line": 232, "column": 38 } },
      "108": { "start": { "line": 233, "column": 4 }, "end": { "line": 233, "column": null } },
      "109": { "start": { "line": 237, "column": 24 }, "end": { "line": 249, "column": null } },
      "110": { "start": { "line": 238, "column": 4 }, "end": { "line": 239, "column": null } },
      "111": { "start": { "line": 239, "column": 6 }, "end": { "line": 239, "column": null } },
      "112": { "start": { "line": 241, "column": 4 }, "end": { "line": 242, "column": null } },
      "113": { "start": { "line": 242, "column": 6 }, "end": { "line": 242, "column": null } },
      "114": { "start": { "line": 245, "column": 16 }, "end": { "line": 245, "column": null } },
      "115": { "start": { "line": 246, "column": 20 }, "end": { "line": 246, "column": null } },
      "116": { "start": { "line": 247, "column": 21 }, "end": { "line": 247, "column": 57 } },
      "117": { "start": { "line": 248, "column": 17 }, "end": { "line": 248, "column": 38 } },
      "118": { "start": { "line": 249, "column": 4 }, "end": { "line": 249, "column": null } },
      "119": { "start": { "line": 253, "column": 17 }, "end": { "line": 265, "column": null } },
      "120": { "start": { "line": 254, "column": 4 }, "end": { "line": 255, "column": null } },
      "121": { "start": { "line": 255, "column": 6 }, "end": { "line": 255, "column": null } },
      "122": { "start": { "line": 257, "column": 4 }, "end": { "line": 258, "column": null } },
      "123": { "start": { "line": 258, "column": 6 }, "end": { "line": 258, "column": null } },
      "124": { "start": { "line": 261, "column": 16 }, "end": { "line": 261, "column": null } },
      "125": { "start": { "line": 262, "column": 20 }, "end": { "line": 262, "column": null } },
      "126": { "start": { "line": 263, "column": 21 }, "end": { "line": 263, "column": 57 } },
      "127": { "start": { "line": 264, "column": 17 }, "end": { "line": 264, "column": 38 } },
      "128": { "start": { "line": 265, "column": 4 }, "end": { "line": 265, "column": null } },
      "129": { "start": { "line": 269, "column": 18 }, "end": { "line": 285, "column": null } },
      "130": { "start": { "line": 270, "column": 4 }, "end": { "line": 271, "column": null } },
      "131": { "start": { "line": 271, "column": 6 }, "end": { "line": 271, "column": null } },
      "132": { "start": { "line": 273, "column": 50 }, "end": { "line": 273, "column": null } },
      "133": { "start": { "line": 275, "column": 16 }, "end": { "line": 275, "column": null } },
      "134": { "start": { "line": 276, "column": 20 }, "end": { "line": 281, "column": null } },
      "135": { "start": { "line": 283, "column": 21 }, "end": { "line": 283, "column": 57 } },
      "136": { "start": { "line": 284, "column": 17 }, "end": { "line": 284, "column": 38 } },
      "137": { "start": { "line": 285, "column": 4 }, "end": { "line": 285, "column": null } },
      "138": { "start": { "line": 289, "column": 25 }, "end": { "line": 298, "column": null } },
      "139": { "start": { "line": 290, "column": 4 }, "end": { "line": 291, "column": null } },
      "140": { "start": { "line": 291, "column": 6 }, "end": { "line": 291, "column": null } },
      "141": { "start": { "line": 294, "column": 16 }, "end": { "line": 294, "column": null } },
      "142": { "start": { "line": 295, "column": 20 }, "end": { "line": 295, "column": null } },
      "143": { "start": { "line": 296, "column": 21 }, "end": { "line": 296, "column": 58 } },
      "144": { "start": { "line": 297, "column": 17 }, "end": { "line": 297, "column": 38 } },
      "145": { "start": { "line": 298, "column": 4 }, "end": { "line": 298, "column": null } },
      "146": { "start": { "line": 302, "column": 27 }, "end": { "line": 306, "column": null } },
      "147": { "start": { "line": 303, "column": 16 }, "end": { "line": 303, "column": null } },
      "148": { "start": { "line": 304, "column": 21 }, "end": { "line": 304, "column": 38 } },
      "149": { "start": { "line": 305, "column": 17 }, "end": { "line": 305, "column": 38 } },
      "150": { "start": { "line": 306, "column": 4 }, "end": { "line": 306, "column": null } },
      "151": { "start": { "line": 310, "column": 29 }, "end": { "line": 327, "column": null } },
      "152": { "start": { "line": 311, "column": 4 }, "end": { "line": 312, "column": null } },
      "153": { "start": { "line": 312, "column": 6 }, "end": { "line": 312, "column": null } },
      "154": { "start": { "line": 314, "column": 24 }, "end": { "line": 314, "column": null } },
      "155": { "start": { "line": 315, "column": 4 }, "end": { "line": 320, "column": null } },
      "156": { "start": { "line": 320, "column": 6 }, "end": { "line": 320, "column": null } },
      "157": { "start": { "line": 323, "column": 16 }, "end": { "line": 323, "column": null } },
      "158": { "start": { "line": 324, "column": 20 }, "end": { "line": 324, "column": null } },
      "159": { "start": { "line": 325, "column": 21 }, "end": { "line": 325, "column": 58 } },
      "160": { "start": { "line": 326, "column": 17 }, "end": { "line": 326, "column": 38 } },
      "161": { "start": { "line": 327, "column": 4 }, "end": { "line": 327, "column": null } },
      "162": { "start": { "line": 331, "column": 32 }, "end": { "line": 335, "column": null } },
      "163": { "start": { "line": 332, "column": 16 }, "end": { "line": 332, "column": null } },
      "164": { "start": { "line": 333, "column": 21 }, "end": { "line": 333, "column": 38 } },
      "165": { "start": { "line": 334, "column": 17 }, "end": { "line": 334, "column": 38 } },
      "166": { "start": { "line": 335, "column": 4 }, "end": { "line": 335, "column": null } },
      "167": { "start": { "line": 339, "column": 30 }, "end": { "line": 348, "column": null } },
      "168": { "start": { "line": 340, "column": 4 }, "end": { "line": 341, "column": null } },
      "169": { "start": { "line": 341, "column": 6 }, "end": { "line": 341, "column": null } },
      "170": { "start": { "line": 344, "column": 16 }, "end": { "line": 344, "column": null } },
      "171": { "start": { "line": 345, "column": 20 }, "end": { "line": 345, "column": null } },
      "172": { "start": { "line": 346, "column": 21 }, "end": { "line": 346, "column": 58 } },
      "173": { "start": { "line": 347, "column": 17 }, "end": { "line": 347, "column": 38 } },
      "174": { "start": { "line": 348, "column": 4 }, "end": { "line": 348, "column": null } },
      "175": { "start": { "line": 352, "column": 20 }, "end": { "line": 355, "column": null } },
      "176": { "start": { "line": 353, "column": 16 }, "end": { "line": 353, "column": null } },
      "177": { "start": { "line": 354, "column": 21 }, "end": { "line": 354, "column": 38 } },
      "178": { "start": { "line": 355, "column": 4 }, "end": { "line": 355, "column": null } },
      "179": { "start": { "line": 359, "column": 24 }, "end": { "line": 370, "column": null } },
      "180": { "start": { "line": 360, "column": 62 }, "end": { "line": 360, "column": null } },
      "181": { "start": { "line": 362, "column": 4 }, "end": { "line": 363, "column": null } },
      "182": { "start": { "line": 363, "column": 6 }, "end": { "line": 363, "column": null } },
      "183": { "start": { "line": 366, "column": 16 }, "end": { "line": 366, "column": null } },
      "184": { "start": { "line": 367, "column": 20 }, "end": { "line": 367, "column": null } },
      "185": { "start": { "line": 368, "column": 21 }, "end": { "line": 368, "column": 57 } },
      "186": { "start": { "line": 369, "column": 17 }, "end": { "line": 369, "column": 38 } },
      "187": { "start": { "line": 370, "column": 4 }, "end": { "line": 370, "column": null } },
      "188": { "start": { "line": 374, "column": 27 }, "end": { "line": 386, "column": null } },
      "189": { "start": { "line": 375, "column": 4 }, "end": { "line": 376, "column": null } },
      "190": { "start": { "line": 376, "column": 6 }, "end": { "line": 376, "column": null } },
      "191": { "start": { "line": 378, "column": 4 }, "end": { "line": 379, "column": null } },
      "192": { "start": { "line": 379, "column": 6 }, "end": { "line": 379, "column": null } },
      "193": { "start": { "line": 382, "column": 16 }, "end": { "line": 382, "column": null } },
      "194": { "start": { "line": 383, "column": 20 }, "end": { "line": 383, "column": null } },
      "195": { "start": { "line": 384, "column": 21 }, "end": { "line": 384, "column": 57 } },
      "196": { "start": { "line": 385, "column": 17 }, "end": { "line": 385, "column": 38 } },
      "197": { "start": { "line": 386, "column": 4 }, "end": { "line": 386, "column": null } },
      "198": { "start": { "line": 390, "column": 22 }, "end": { "line": 395, "column": null } },
      "199": { "start": { "line": 391, "column": 16 }, "end": { "line": 391, "column": null } },
      "200": { "start": { "line": 392, "column": 20 }, "end": { "line": 392, "column": 32 } },
      "201": { "start": { "line": 393, "column": 21 }, "end": { "line": 393, "column": 58 } },
      "202": { "start": { "line": 394, "column": 17 }, "end": { "line": 394, "column": 38 } },
      "203": { "start": { "line": 395, "column": 4 }, "end": { "line": 395, "column": null } },
      "204": { "start": { "line": 399, "column": 28 }, "end": { "line": 408, "column": null } },
      "205": { "start": { "line": 400, "column": 4 }, "end": { "line": 401, "column": null } },
      "206": { "start": { "line": 401, "column": 6 }, "end": { "line": 401, "column": null } },
      "207": { "start": { "line": 404, "column": 16 }, "end": { "line": 404, "column": null } },
      "208": { "start": { "line": 405, "column": 20 }, "end": { "line": 405, "column": 34 } },
      "209": { "start": { "line": 406, "column": 21 }, "end": { "line": 406, "column": 57 } },
      "210": { "start": { "line": 407, "column": 17 }, "end": { "line": 407, "column": 38 } },
      "211": { "start": { "line": 408, "column": 4 }, "end": { "line": 408, "column": null } },
      "212": { "start": { "line": 412, "column": 24 }, "end": { "line": 416, "column": null } },
      "213": { "start": { "line": 413, "column": 16 }, "end": { "line": 413, "column": null } },
      "214": { "start": { "line": 414, "column": 21 }, "end": { "line": 414, "column": 38 } },
      "215": { "start": { "line": 415, "column": 17 }, "end": { "line": 415, "column": 38 } },
      "216": { "start": { "line": 416, "column": 4 }, "end": { "line": 416, "column": null } },
      "217": { "start": { "line": 420, "column": 23 }, "end": { "line": 425, "column": null } },
      "218": { "start": { "line": 421, "column": 16 }, "end": { "line": 421, "column": null } },
      "219": { "start": { "line": 422, "column": 20 }, "end": { "line": 422, "column": 29 } },
      "220": { "start": { "line": 423, "column": 21 }, "end": { "line": 423, "column": 57 } },
      "221": { "start": { "line": 424, "column": 17 }, "end": { "line": 424, "column": 38 } },
      "222": { "start": { "line": 425, "column": 4 }, "end": { "line": 425, "column": null } },
      "223": { "start": { "line": 429, "column": 35 }, "end": { "line": 433, "column": null } },
      "224": { "start": { "line": 430, "column": 16 }, "end": { "line": 430, "column": null } },
      "225": { "start": { "line": 431, "column": 21 }, "end": { "line": 431, "column": 38 } },
      "226": { "start": { "line": 432, "column": 17 }, "end": { "line": 432, "column": 38 } },
      "227": { "start": { "line": 433, "column": 4 }, "end": { "line": 433, "column": null } },
      "228": { "start": { "line": 437, "column": 25 }, "end": { "line": 446, "column": null } },
      "229": { "start": { "line": 438, "column": 4 }, "end": { "line": 439, "column": null } },
      "230": { "start": { "line": 439, "column": 6 }, "end": { "line": 439, "column": null } },
      "231": { "start": { "line": 442, "column": 16 }, "end": { "line": 442, "column": null } },
      "232": { "start": { "line": 443, "column": 20 }, "end": { "line": 443, "column": 30 } },
      "233": { "start": { "line": 444, "column": 21 }, "end": { "line": 444, "column": 57 } },
      "234": { "start": { "line": 445, "column": 17 }, "end": { "line": 445, "column": 38 } },
      "235": { "start": { "line": 446, "column": 4 }, "end": { "line": 446, "column": null } },
      "236": { "start": { "line": 449, "column": 2 }, "end": { "line": 479, "column": null } }
    },
    "fnMap": {
      "0": {
        "name": "createDeviceApi",
        "decl": { "start": { "line": 52, "column": 16 }, "end": { "line": 52, "column": 32 } },
        "loc": { "start": { "line": 52, "column": 146 }, "end": { "line": 479, "column": null } },
        "line": 52
      },
      "1": {
        "name": "(anonymous_1)",
        "decl": { "start": { "line": 56, "column": 18 }, "end": { "line": 56, "column": 50 } },
        "loc": { "start": { "line": 56, "column": 50 }, "end": { "line": 60, "column": null } },
        "line": 56
      },
      "2": {
        "name": "(anonymous_2)",
        "decl": { "start": { "line": 64, "column": 18 }, "end": { "line": 64, "column": 54 } },
        "loc": { "start": { "line": 64, "column": 54 }, "end": { "line": 69, "column": null } },
        "line": 64
      },
      "3": {
        "name": "(anonymous_3)",
        "decl": { "start": { "line": 73, "column": 18 }, "end": { "line": 73, "column": 52 } },
        "loc": { "start": { "line": 73, "column": 52 }, "end": { "line": 77, "column": null } },
        "line": 73
      },
      "4": {
        "name": "(anonymous_4)",
        "decl": { "start": { "line": 81, "column": 21 }, "end": { "line": 81, "column": 28 } },
        "loc": { "start": { "line": 81, "column": 84 }, "end": { "line": 94, "column": null } },
        "line": 81
      },
      "5": {
        "name": "(anonymous_5)",
        "decl": { "start": { "line": 98, "column": 28 }, "end": { "line": 98, "column": 35 } },
        "loc": { "start": { "line": 98, "column": 85 }, "end": { "line": 125, "column": null } },
        "line": 98
      },
      "6": {
        "name": "(anonymous_6)",
        "decl": { "start": { "line": 129, "column": 36 }, "end": { "line": 129, "column": null } },
        "loc": { "start": { "line": 132, "column": 22 }, "end": { "line": 140, "column": null } },
        "line": 132
      },
      "7": {
        "name": "(anonymous_7)",
        "decl": { "start": { "line": 144, "column": 23 }, "end": { "line": 144, "column": 53 } },
        "loc": { "start": { "line": 144, "column": 53 }, "end": { "line": 148, "column": null } },
        "line": 144
      },
      "8": {
        "name": "(anonymous_8)",
        "decl": { "start": { "line": 152, "column": 20 }, "end": { "line": 152, "column": 27 } },
        "loc": { "start": { "line": 152, "column": 105 }, "end": { "line": 168, "column": null } },
        "line": 152
      },
      "9": {
        "name": "(anonymous_9)",
        "decl": { "start": { "line": 172, "column": 23 }, "end": { "line": 172, "column": 30 } },
        "loc": { "start": { "line": 172, "column": 111 }, "end": { "line": 188, "column": null } },
        "line": 172
      },
      "10": {
        "name": "(anonymous_10)",
        "decl": { "start": { "line": 192, "column": 31 }, "end": { "line": 192, "column": 38 } },
        "loc": { "start": { "line": 192, "column": 97 }, "end": { "line": 201, "column": null } },
        "line": 192
      },
      "11": {
        "name": "(anonymous_11)",
        "decl": { "start": { "line": 205, "column": 24 }, "end": { "line": 205, "column": 31 } },
        "loc": { "start": { "line": 205, "column": 92 }, "end": { "line": 217, "column": null } },
        "line": 205
      },
      "12": {
        "name": "(anonymous_12)",
        "decl": { "start": { "line": 221, "column": 22 }, "end": { "line": 221, "column": 29 } },
        "loc": { "start": { "line": 221, "column": 88 }, "end": { "line": 233, "column": null } },
        "line": 221
      },
      "13": {
        "name": "(anonymous_13)",
        "decl": { "start": { "line": 237, "column": 24 }, "end": { "line": 237, "column": 31 } },
        "loc": { "start": { "line": 237, "column": 92 }, "end": { "line": 249, "column": null } },
        "line": 237
      },
      "14": {
        "name": "(anonymous_14)",
        "decl": { "start": { "line": 253, "column": 17 }, "end": { "line": 253, "column": 24 } },
        "loc": { "start": { "line": 253, "column": 78 }, "end": { "line": 265, "column": null } },
        "line": 253
      },
      "15": {
        "name": "(anonymous_15)",
        "decl": { "start": { "line": 269, "column": 18 }, "end": { "line": 269, "column": 25 } },
        "loc": { "start": { "line": 269, "column": 82 }, "end": { "line": 285, "column": null } },
        "line": 269
      },
      "16": {
        "name": "(anonymous_16)",
        "decl": { "start": { "line": 289, "column": 25 }, "end": { "line": 289, "column": 32 } },
        "loc": { "start": { "line": 289, "column": 83 }, "end": { "line": 298, "column": null } },
        "line": 289
      },
      "17": {
        "name": "(anonymous_17)",
        "decl": { "start": { "line": 302, "column": 27 }, "end": { "line": 302, "column": 63 } },
        "loc": { "start": { "line": 302, "column": 63 }, "end": { "line": 306, "column": null } },
        "line": 302
      },
      "18": {
        "name": "(anonymous_18)",
        "decl": { "start": { "line": 310, "column": 29 }, "end": { "line": 310, "column": 36 } },
        "loc": { "start": { "line": 310, "column": 88 }, "end": { "line": 327, "column": null } },
        "line": 310
      },
      "19": {
        "name": "(anonymous_19)",
        "decl": { "start": { "line": 331, "column": 32 }, "end": { "line": 331, "column": 73 } },
        "loc": { "start": { "line": 331, "column": 73 }, "end": { "line": 335, "column": null } },
        "line": 331
      },
      "20": {
        "name": "(anonymous_20)",
        "decl": { "start": { "line": 339, "column": 30 }, "end": { "line": 339, "column": 37 } },
        "loc": { "start": { "line": 339, "column": 96 }, "end": { "line": 348, "column": null } },
        "line": 339
      },
      "21": {
        "name": "(anonymous_21)",
        "decl": { "start": { "line": 352, "column": 20 }, "end": { "line": 352, "column": 50 } },
        "loc": { "start": { "line": 352, "column": 50 }, "end": { "line": 355, "column": null } },
        "line": 352
      },
      "22": {
        "name": "(anonymous_22)",
        "decl": { "start": { "line": 359, "column": 24 }, "end": { "line": 359, "column": 31 } },
        "loc": { "start": { "line": 359, "column": 77 }, "end": { "line": 370, "column": null } },
        "line": 359
      },
      "23": {
        "name": "(anonymous_23)",
        "decl": { "start": { "line": 374, "column": 27 }, "end": { "line": 374, "column": 34 } },
        "loc": { "start": { "line": 374, "column": 88 }, "end": { "line": 386, "column": null } },
        "line": 374
      },
      "24": {
        "name": "(anonymous_24)",
        "decl": { "start": { "line": 390, "column": 22 }, "end": { "line": 390, "column": 29 } },
        "loc": { "start": { "line": 390, "column": 65 }, "end": { "line": 395, "column": null } },
        "line": 390
      },
      "25": {
        "name": "(anonymous_25)",
        "decl": { "start": { "line": 399, "column": 28 }, "end": { "line": 399, "column": 35 } },
        "loc": { "start": { "line": 399, "column": 73 }, "end": { "line": 408, "column": null } },
        "line": 399
      },
      "26": {
        "name": "(anonymous_26)",
        "decl": { "start": { "line": 412, "column": 24 }, "end": { "line": 412, "column": 65 } },
        "loc": { "start": { "line": 412, "column": 65 }, "end": { "line": 416, "column": null } },
        "line": 412
      },
      "27": {
        "name": "(anonymous_27)",
        "decl": { "start": { "line": 420, "column": 23 }, "end": { "line": 420, "column": 30 } },
        "loc": { "start": { "line": 420, "column": 64 }, "end": { "line": 425, "column": null } },
        "line": 420
      },
      "28": {
        "name": "(anonymous_28)",
        "decl": { "start": { "line": 429, "column": 35 }, "end": { "line": 429, "column": 65 } },
        "loc": { "start": { "line": 429, "column": 65 }, "end": { "line": 433, "column": null } },
        "line": 429
      },
      "29": {
        "name": "(anonymous_29)",
        "decl": { "start": { "line": 437, "column": 25 }, "end": { "line": 437, "column": 32 } },
        "loc": { "start": { "line": 437, "column": 67 }, "end": { "line": 446, "column": null } },
        "line": 437
      }
    },
    "branchMap": {
      "0": {
        "loc": { "start": { "line": 83, "column": 4 }, "end": { "line": 84, "column": null } },
        "type": "if",
        "locations": [
          { "start": { "line": 83, "column": 4 }, "end": { "line": 84, "column": null } },
          { "start": {}, "end": {} }
        ],
        "line": 83
      },
      "1": {
        "loc": { "start": { "line": 86, "column": 4 }, "end": { "line": 87, "column": null } },
        "type": "if",
        "locations": [
[...]
      "24": { "start": { "line": 154, "column": 19 }, "end": { "line": 158, "column": 15 } },
      "25": { "start": { "line": 159, "column": 6 }, "end": { "line": 159, "column": null } },
      "26": { "start": { "line": 163, "column": 19 }, "end": { "line": 167, "column": 15 } },
      "27": { "start": { "line": 168, "column": 6 }, "end": { "line": 168, "column": null } },
      "28": { "start": { "line": 172, "column": 19 }, "end": { "line": 176, "column": 15 } },
      "29": { "start": { "line": 177, "column": 6 }, "end": { "line": 177, "column": null } },
      "30": { "start": { "line": 186, "column": 19 }, "end": { "line": 190, "column": 15 } },
      "31": { "start": { "line": 191, "column": 6 }, "end": { "line": 191, "column": null } },
      "32": { "start": { "line": 196, "column": 19 }, "end": { "line": 200, "column": 15 } },
      "33": { "start": { "line": 201, "column": 6 }, "end": { "line": 201, "column": null } },
      "34": { "start": { "line": 205, "column": 19 }, "end": { "line": 209, "column": 15 } },
      "35": { "start": { "line": 210, "column": 6 }, "end": { "line": 210, "column": null } },
      "36": { "start": { "line": 214, "column": 19 }, "end": { "line": 223, "column": 15 } },
      "37": { "start": { "line": 217, "column": 29 }, "end": { "line": 217, "column": 43 } },
      "38": { "start": { "line": 218, "column": 12 }, "end": { "line": 218, "column": null } },
      "39": { "start": { "line": 219, "column": 12 }, "end": { "line": 219, "column": null } },
      "40": { "start": { "line": 220, "column": 12 }, "end": { "line": 220, "column": null } },
      "41": { "start": { "line": 224, "column": 6 }, "end": { "line": 224, "column": null } },
      "42": { "start": { "line": 228, "column": 19 }, "end": { "line": 232, "column": 15 } },
      "43": { "start": { "line": 233, "column": 6 }, "end": { "line": 233, "column": null } },
      "44": { "start": { "line": 238, "column": 19 }, "end": { "line": 242, "column": 15 } },
      "45": { "start": { "line": 243, "column": 6 }, "end": { "line": 243, "column": null } },
      "46": { "start": { "line": 247, "column": 23 }, "end": { "line": 251, "column": 15 } },
      "47": { "start": { "line": 252, "column": 6 }, "end": { "line": 252, "column": null } },
      "48": { "start": { "line": 256, "column": 23 }, "end": { "line": 260, "column": 15 } },
      "49": { "start": { "line": 261, "column": 6 }, "end": { "line": 261, "column": null } },
      "50": { "start": { "line": 266, "column": 19 }, "end": { "line": 266, "column": 79 } },
      "51": { "start": { "line": 267, "column": 6 }, "end": { "line": 267, "column": null } },
      "52": { "start": { "line": 271, "column": 19 }, "end": { "line": 275, "column": 15 } },
      "53": { "start": { "line": 276, "column": 6 }, "end": { "line": 276, "column": null } },
      "54": { "start": { "line": 280, "column": 19 }, "end": { "line": 284, "column": 15 } },
      "55": { "start": { "line": 285, "column": 6 }, "end": { "line": 285, "column": null } },
      "56": { "start": { "line": 290, "column": 19 }, "end": { "line": 294, "column": 15 } },
      "57": { "start": { "line": 295, "column": 6 }, "end": { "line": 295, "column": null } },
      "58": { "start": { "line": 300, "column": 19 }, "end": { "line": 300, "column": 73 } },
      "59": { "start": { "line": 301, "column": 6 }, "end": { "line": 301, "column": null } },
      "60": { "start": { "line": 305, "column": 19 }, "end": { "line": 309, "column": 15 } },
      "61": { "start": { "line": 310, "column": 6 }, "end": { "line": 310, "column": null } },
      "62": { "start": { "line": 314, "column": 19 }, "end": { "line": 318, "column": 15 } },
      "63": { "start": { "line": 319, "column": 6 }, "end": { "line": 319, "column": null } },
      "64": { "start": { "line": 323, "column": 19 }, "end": { "line": 327, "column": 15 } },
      "65": { "start": { "line": 328, "column": 6 }, "end": { "line": 328, "column": null } },
      "66": { "start": { "line": 332, "column": 19 }, "end": { "line": 336, "column": 15 } },
      "67": { "start": { "line": 337, "column": 6 }, "end": { "line": 337, "column": null } },
      "68": { "start": { "line": 341, "column": 19 }, "end": { "line": 345, "column": 15 } },
      "69": { "start": { "line": 346, "column": 6 }, "end": { "line": 346, "column": null } },
      "70": { "start": { "line": 350, "column": 19 }, "end": { "line": 354, "column": 15 } },
      "71": { "start": { "line": 355, "column": 6 }, "end": { "line": 355, "column": null } },
      "72": { "start": { "line": 359, "column": 19 }, "end": { "line": 359, "column": 66 } },
      "73": { "start": { "line": 360, "column": 6 }, "end": { "line": 360, "column": null } }
    },
    "fnMap": {
      "0": {
        "name": "createScreenApi",
        "decl": { "start": { "line": 61, "column": 16 }, "end": { "line": 61, "column": null } },
        "loc": { "start": { "line": 64, "column": 13 }, "end": { "line": 362, "column": null } },
        "line": 64
      },
      "1": {
        "name": "(anonymous_1)",
        "decl": { "start": { "line": 69, "column": 12 }, "end": { "line": 69, "column": 24 } },
        "loc": { "start": { "line": 69, "column": 24 }, "end": { "line": 71, "column": null } },
        "line": 69
      },
      "2": {
        "name": "(anonymous_2)",
        "decl": { "start": { "line": 74, "column": 25 }, "end": { "line": 74, "column": 37 } },
        "loc": { "start": { "line": 74, "column": 37 }, "end": { "line": 76, "column": null } },
        "line": 74
      },
      "3": {
        "name": "(anonymous_3)",
        "decl": { "start": { "line": 79, "column": 21 }, "end": { "line": 79, "column": 33 } },
        "loc": { "start": { "line": 79, "column": 33 }, "end": { "line": 81, "column": null } },
        "line": 79
      },
      "4": {
        "name": "(anonymous_4)",
        "decl": { "start": { "line": 85, "column": 17 }, "end": { "line": 85, "column": 24 } },
        "loc": { "start": { "line": 85, "column": 64 }, "end": { "line": 91, "column": null } },
        "line": 85
      },
      "5": {
        "name": "(anonymous_5)",
        "decl": { "start": { "line": 94, "column": 21 }, "end": { "line": 94, "column": 33 } },
        "loc": { "start": { "line": 94, "column": 33 }, "end": { "line": 96, "column": null } },
        "line": 94
      },
      "6": {
        "name": "(anonymous_6)",
        "decl": { "start": { "line": 99, "column": 22 }, "end": { "line": 99, "column": 34 } },
        "loc": { "start": { "line": 99, "column": 34 }, "end": { "line": 101, "column": null } },
        "line": 99
      },
      "7": {
        "name": "(anonymous_7)",
        "decl": { "start": { "line": 105, "column": 16 }, "end": { "line": 105, "column": 23 } },
        "loc": { "start": { "line": 105, "column": 68 }, "end": { "line": 111, "column": null } },
        "line": 105
      },
      "8": {
        "name": "(anonymous_8)",
        "decl": { "start": { "line": 114, "column": 22 }, "end": { "line": 114, "column": 29 } },
        "loc": { "start": { "line": 114, "column": 73 }, "end": { "line": 120, "column": null } },
        "line": 114
      },
      "9": {
        "name": "(anonymous_9)",
        "decl": { "start": { "line": 124, "column": 22 }, "end": { "line": 124, "column": 29 } },
        "loc": { "start": { "line": 124, "column": 73 }, "end": { "line": 130, "column": null } },
        "line": 124
      },
      "10": {
        "name": "(anonymous_10)",
        "decl": { "start": { "line": 134, "column": 11 }, "end": { "line": 134, "column": 18 } },
        "loc": { "start": { "line": 134, "column": 58 }, "end": { "line": 140, "column": null } },
        "line": 134
      },
      "11": {
        "name": "(anonymous_11)",
        "decl": { "start": { "line": 143, "column": 20 }, "end": { "line": 143, "column": 27 } },
        "loc": { "start": { "line": 143, "column": 70 }, "end": { "line": 149, "column": null } },
        "line": 143
      },
      "12": {
        "name": "(anonymous_12)",
        "decl": { "start": { "line": 153, "column": 20 }, "end": { "line": 153, "column": 27 } },
        "loc": { "start": { "line": 153, "column": 70 }, "end": { "line": 159, "column": null } },
        "line": 153
      },
      "13": {
        "name": "(anonymous_13)",
        "decl": { "start": { "line": 162, "column": 22 }, "end": { "line": 162, "column": 29 } },
        "loc": { "start": { "line": 162, "column": 75 }, "end": { "line": 168, "column": null } },
        "line": 162
      },
      "14": {
        "name": "(anonymous_14)",
        "decl": { "start": { "line": 171, "column": 29 }, "end": { "line": 171, "column": 36 } },
        "loc": { "start": { "line": 171, "column": 79 }, "end": { "line": 177, "column": null } },
        "line": 171
      },
      "15": {
        "name": "(anonymous_15)",
        "decl": { "start": { "line": 180, "column": 29 }, "end": { "line": 180, "column": null } },
        "loc": { "start": { "line": 185, "column": 9 }, "end": { "line": 191, "column": null } },
        "line": 185
      },
      "16": {
        "name": "(anonymous_16)",
        "decl": { "start": { "line": 195, "column": 17 }, "end": { "line": 195, "column": 24 } },
        "loc": { "start": { "line": 195, "column": 68 }, "end": { "line": 201, "column": null } },
        "line": 195
      },
      "17": {
        "name": "(anonymous_17)",
        "decl": { "start": { "line": 204, "column": 22 }, "end": { "line": 204, "column": 29 } },
        "loc": { "start": { "line": 204, "column": 74 }, "end": { "line": 210, "column": null } },
        "line": 204
      },
      "18": {
        "name": "(anonymous_18)",
        "decl": { "start": { "line": 213, "column": 21 }, "end": { "line": 213, "column": 28 } },
        "loc": { "start": { "line": 213, "column": 85 }, "end": { "line": 224, "column": null } },
        "line": 213
      },
      "19": {
        "name": "(anonymous_19)",
        "decl": { "start": { "line": 216, "column": 10 }, "end": { "line": 216, "column": 23 } },
        "loc": { "start": { "line": 216, "column": 23 }, "end": { "line": 221, "column": null } },
        "line": 216
      },
      "20": {
        "name": "(anonymous_20)",
        "decl": { "start": { "line": 227, "column": 21 }, "end": { "line": 227, "column": 28 } },
        "loc": { "start": { "line": 227, "column": 73 }, "end": { "line": 233, "column": null } },
        "line": 227
      },
      "21": {
        "name": "(anonymous_21)",
        "decl": { "start": { "line": 237, "column": 29 }, "end": { "line": 237, "column": 36 } },
        "loc": { "start": { "line": 237, "column": 80 }, "end": { "line": 243, "column": null } },
        "line": 237
      },
      "22": {
        "name": "(anonymous_22)",
        "decl": { "start": { "line": 246, "column": 34 }, "end": { "line": 246, "column": 41 } },
        "loc": { "start": { "line": 246, "column": 57 }, "end": { "line": 252, "column": null } },
        "line": 246
      },
      "23": {
        "name": "(anonymous_23)",
        "decl": { "start": { "line": 255, "column": 35 }, "end": { "line": 255, "column": 42 } },
        "loc": { "start": { "line": 255, "column": 60 }, "end": { "line": 261, "column": null } },
        "line": 255
      },
      "24": {
        "name": "(anonymous_24)",
        "decl": { "start": { "line": 265, "column": 24 }, "end": { "line": 265, "column": 36 } },
        "loc": { "start": { "line": 265, "column": 36 }, "end": { "line": 267, "column": null } },
        "line": 265
      },
      "25": {
        "name": "(anonymous_25)",
        "decl": { "start": { "line": 270, "column": 22 }, "end": { "line": 270, "column": 29 } },
        "loc": { "start": { "line": 270, "column": 67 }, "end": { "line": 276, "column": null } },
        "line": 270
      },
      "26": {
        "name": "(anonymous_26)",
        "decl": { "start": { "line": 279, "column": 30 }, "end": { "line": 279, "column": 37 } },
        "loc": { "start": { "line": 279, "column": 58 }, "end": { "line": 285, "column": null } },
        "line": 279
      },
      "27": {
        "name": "(anonymous_27)",
        "decl": { "start": { "line": 289, "column": 23 }, "end": { "line": 289, "column": 30 } },
        "loc": { "start": { "line": 289, "column": 93 }, "end": { "line": 295, "column": null } },
        "line": 289
      },
      "28": {
        "name": "(anonymous_28)",
        "decl": { "start": { "line": 299, "column": 25 }, "end": { "line": 299, "column": 37 } },
        "loc": { "start": { "line": 299, "column": 37 }, "end": { "line": 301, "column": null } },
        "line": 299
      },
      "29": {
        "name": "(anonymous_29)",
        "decl": { "start": { "line": 304, "column": 27 }, "end": { "line": 304, "column": 34 } },
        "loc": { "start": { "line": 304, "column": 77 }, "end": { "line": 310, "column": null } },
        "line": 304
      },
      "30": {
        "name": "(anonymous_30)",
        "decl": { "start": { "line": 313, "column": 23 }, "end": { "line": 313, "column": 30 } },
        "loc": { "start": { "line": 313, "column": 84 }, "end": { "line": 319, "column": null } },
        "line": 313
      },
      "31": {
        "name": "(anonymous_31)",
        "decl": { "start": { "line": 322, "column": 31 }, "end": { "line": 322, "column": 38 } },
        "loc": { "start": { "line": 322, "column": 79 }, "end": { "line": 328, "column": null } },
        "line": 322
      },
      "32": {
        "name": "(anonymous_32)",
        "decl": { "start": { "line": 331, "column": 21 }, "end": { "line": 331, "column": 28 } },
        "loc": { "start": { "line": 331, "column": 72 }, "end": { "line": 337, "column": null } },
        "line": 331
      },
      "33": {
        "name": "(anonymous_33)",
        "decl": { "start": { "line": 340, "column": 14 }, "end": { "line": 340, "column": 21 } },
        "loc": { "start": { "line": 340, "column": 65 }, "end": { "line": 346, "column": null } },
        "line": 340
      },
      "34": {
        "name": "(anonymous_34)",
        "decl": { "start": { "line": 349, "column": 16 }, "end": { "line": 349, "column": 23 } },
        "loc": { "start": { "line": 349, "column": 62 }, "end": { "line": 355, "column": null } },
        "line": 349
      },
      "35": {
        "name": "(anonymous_35)",
        "decl": { "start": { "line": 358, "column": 19 }, "end": { "line": 358, "column": 31 } },
        "loc": { "start": { "line": 358, "column": 31 }, "end": { "line": 360, "column": null } },
        "line": 358
      }
    },
    "branchMap": {},
    "s": {
      "0": 43,
      "1": 43,
      "2": 0,
      "3": 0,
      "4": 0,
      "5": 0,
      "6": 0,
      "7": 0,
      "8": 0,
      "9": 0,
      "10": 0,
      "11": 0,
      "12": 0,
      "13": 0,
      "14": 0,
      "15": 0,
      "16": 0,
      "17": 0,
      "18": 0,
      "19": 0,
      "20": 0,
      "21": 0,
      "22": 0,
      "23": 0,
      "24": 0,
      "25": 0,
      "26": 0,
      "27": 0,
      "28": 0,
      "29": 0,
      "30": 0,
      "31": 0,
      "32": 0,
      "33": 0,
      "34": 0,
      "35": 0,
      "36": 0,
      "37": 0,
      "38": 0,
      "39": 0,
      "40": 0,
      "41": 0,
      "42": 0,
      "43": 0,
      "44": 0,
      "45": 0,
      "46": 0,
      "47": 0,
      "48": 0,
      "49": 0,
      "50": 0,
      "51": 0,
      "52": 0,
      "53": 0,
      "54": 0,
      "55": 0,
      "56": 0,
      "57": 0,
      "58": 0,
      "59": 0,
      "60": 0,
      "61": 0,
      "62": 0,
      "63": 0,
      "64": 0,
      "65": 0,
      "66": 0,
      "67": 0,
      "68": 0,
      "69": 0,
      "70": 0,
      "71": 0,
      "72": 0,
      "73": 0
    },
    "f": {
      "0": 43,
      "1": 0,
      "2": 0,
      "3": 0,
      "4": 0,
      "5": 0,
      "6": 0,
      "7": 0,
      "8": 0,
      "9": 0,
      "10": 0,
      "11": 0,
      "12": 0,
      "13": 0,
      "14": 0,
      "15": 0,
      "16": 0,
      "17": 0,
      "18": 0,
      "19": 0,
      "20": 0,
      "21": 0,
      "22": 0,
      "23": 0,
      "24": 0,
      "25": 0,
      "26": 0,
      "27": 0,
      "28": 0,
      "29": 0,
      "30": 0,
      "31": 0,
      "32": 0,
      "33": 0,
      "34": 0,
      "35": 0
    },
    "b": {},
    "meta": {
      "lastBranch": 0,
      "lastFunction": 36,
      "lastStatement": 74,
      "seen": {
        "f:61:16:61:Infinity": 0,
        "s:65:22:65:Infinity": 0,
        "s:67:2:362:Infinity": 1,
        "f:69:12:69:24": 1,
        "s:70:19:70:66": 2,
        "s:71:6:71:Infinity": 3,
        "f:74:25:74:37": 2,
        "s:75:19:75:76": 4,
        "s:76:6:76:Infinity": 5,
        "f:79:21:79:33": 3,
        "s:80:19:80:80": 6,
        "s:81:6:81:Infinity": 7,
        "f:85:17:85:24": 4,
        "s:86:19:90:15": 8,
        "s:91:6:91:Infinity": 9,
        "f:94:21:94:33": 5,
        "s:95:19:95:87": 10,
        "s:96:6:96:Infinity": 11,
        "f:99:22:99:34": 6,
        "s:100:19:100:80": 12,
        "s:101:6:101:Infinity": 13,
        "f:105:16:105:23": 7,
        "s:106:19:110:15": 14,
        "s:111:6:111:Infinity": 15,
        "f:114:22:114:29": 8,
        "s:115:19:119:15": 16,
        "s:120:6:120:Infinity": 17,
        "f:124:22:124:29": 9,
        "s:125:19:129:15": 18,
        "s:130:6:130:Infinity": 19,
        "f:134:11:134:18": 10,
        "s:135:19:139:15": 20,
        "s:140:6:140:Infinity": 21,
        "f:143:20:143:27": 11,
        "s:144:19:148:15": 22,
        "s:149:6:149:Infinity": 23,
        "f:153:20:153:27": 12,
        "s:154:19:158:15": 24,
        "s:159:6:159:Infinity": 25,
        "f:162:22:162:29": 13,
        "s:163:19:167:15": 26,
        "s:168:6:168:Infinity": 27,
        "f:171:29:171:36": 14,
        "s:172:19:176:15": 28,
        "s:177:6:177:Infinity": 29,
        "f:180:29:180:Infinity": 15,
        "s:186:19:190:15": 30,
        "s:191:6:191:Infinity": 31,
        "f:195:17:195:24": 16,
        "s:196:19:200:15": 32,
        "s:201:6:201:Infinity": 33,
        "f:204:22:204:29": 17,
        "s:205:19:209:15": 34,
        "s:210:6:210:Infinity": 35,
        "f:213:21:213:28": 18,
        "s:214:19:223:15": 36,
        "f:216:10:216:23": 19,
        "s:217:29:217:43": 37,
        "s:218:12:218:Infinity": 38,
        "s:219:12:219:Infinity": 39,
        "s:220:12:220:Infinity": 40,
        "s:224:6:224:Infinity": 41,
        "f:227:21:227:28": 20,
        "s:228:19:232:15": 42,
        "s:233:6:233:Infinity": 43,
        "f:237:29:237:36": 21,
        "s:238:19:242:15": 44,
        "s:243:6:243:Infinity": 45,
        "f:246:34:246:41": 22,
        "s:247:23:251:15": 46,
        "s:252:6:252:Infinity": 47,
        "f:255:35:255:42": 23,
        "s:256:23:260:15": 48,
        "s:261:6:261:Infinity": 49,
        "f:265:24:265:36": 24,
        "s:266:19:266:79": 50,
        "s:267:6:267:Infinity": 51,
        "f:270:22:270:29": 25,
        "s:271:19:275:15": 52,
        "s:276:6:276:Infinity": 53,
        "f:279:30:279:37": 26,
        "s:280:19:284:15": 54,
        "s:285:6:285:Infinity": 55,
        "f:289:23:289:30": 27,
        "s:290:19:294:15": 56,
        "s:295:6:295:Infinity": 57,
        "f:299:25:299:37": 28,
        "s:300:19:300:73": 58,
        "s:301:6:301:Infinity": 59,
        "f:304:27:304:34": 29,
        "s:305:19:309:15": 60,
        "s:310:6:310:Infinity": 61,
        "f:313:23:313:30": 30,
        "s:314:19:318:15": 62,
        "s:319:6:319:Infinity": 63,
        "f:322:31:322:38": 31,
        "s:323:19:327:15": 64,
        "s:328:6:328:Infinity": 65,
        "f:331:21:331:28": 32,
        "s:332:19:336:15": 66,
        "s:337:6:337:Infinity": 67,
        "f:340:14:340:21": 33,
        "s:341:19:345:15": 68,
        "s:346:6:346:Infinity": 69,
        "f:349:16:349:23": 34,
        "s:350:19:354:15": 70,
        "s:355:6:355:Infinity": 71,
        "f:358:19:358:31": 35,
        "s:359:19:359:66": 72,
        "s:360:6:360:Infinity": 73
      }
    }
  }
}
